Generation: 0; Delta: 23.0000, Best >> Fitness: 23.0, Genotype/Phenotype: [1, 1, 1, 1, 0, 1, 1, 1, 0, 0, 0, 1, 0, 0, 1, 1, 1, 1, 1, 1, 1, 0, 1, 1, 0, 0, 0, 0, 1, 1, 0, 0] <<
Generation: 1; Delta: 0.0000, Best >> Fitness: 23.0, Genotype/Phenotype: [1, 1, 1, 1, 0, 1, 1, 1, 0, 0, 0, 1, 0, 0, 1, 1, 1, 1, 1, 1, 1, 0, 1, 1, 0, 0, 0, 0, 1, 1, 0, 0] <<
Generation: 2; Delta: 2.0000, Best >> Fitness: 25.0, Genotype/Phenotype: [1, 1, 1, 0, 1, 1, 1, 0, 0, 0, 0, 1, 1, 0, 1, 0, 1, 1, 0, 1, 0, 0, 1, 0, 1, 1, 1, 0, 0, 0, 0, 1] <<
Generation: 3; Delta: 0.0000, Best >> Fitness: 25.0, Genotype/Phenotype: [1, 1, 1, 0, 1, 1, 1, 0, 0, 0, 0, 1, 1, 0, 1, 0, 1, 1, 0, 1, 0, 0, 1, 0, 1, 1, 1, 0, 0, 0, 0, 1] <<
Generation: 4; Delta: 0.0000, Best >> Fitness: 25.0, Genotype/Phenotype: [1, 1, 1, 0, 1, 1, 1, 0, 0, 0, 0, 1, 1, 0, 1, 0, 1, 1, 0, 1, 0, 0, 1, 0, 1, 1, 1, 0, 0, 0, 0, 1] <<
Generation: 5; Delta: 1.0000, Best >> Fitness: 26.0, Genotype/Phenotype: [1, 0, 1, 1, 1, 1, 1, 0, 0, 1, 0, 1, 1, 1, 1, 1, 0, 1, 0, 1, 0, 0, 1, 0, 1, 1, 1, 0, 0, 1, 0, 1] <<
Generation: 6; Delta: 0.0000, Best >> Fitness: 26.0, Genotype/Phenotype: [1, 0, 1, 1, 1, 1, 1, 0, 0, 1, 0, 1, 1, 1, 1, 1, 0, 1, 0, 1, 0, 0, 1, 0, 1, 1, 1, 0, 0, 1, 0, 1] <<
Generation: 7; Delta: 0.0000, Best >> Fitness: 26.0, Genotype/Phenotype: [1, 0, 1, 1, 1, 1, 1, 0, 0, 1, 0, 1, 1, 1, 1, 1, 0, 1, 0, 1, 0, 0, 1, 0, 1, 1, 1, 0, 0, 1, 0, 1] <<
Generation: 8; Delta: 0.0000, Best >> Fitness: 26.0, Genotype/Phenotype: [1, 0, 1, 1, 1, 1, 1, 0, 0, 1, 0, 1, 1, 1, 1, 1, 0, 1, 0, 1, 0, 0, 1, 0, 1, 1, 1, 0, 0, 1, 0, 1] <<
Generation: 9; Delta: 0.0000, Best >> Fitness: 26.0, Genotype/Phenotype: [1, 0, 1, 1, 1, 1, 1, 0, 0, 1, 0, 1, 1, 1, 1, 1, 0, 1, 0, 1, 0, 0, 1, 0, 1, 1, 1, 0, 0, 1, 0, 1] <<
Generation: 10; Delta: 0.0000, Best >> Fitness: 26.0, Genotype/Phenotype: [1, 0, 1, 1, 1, 1, 1, 0, 0, 1, 0, 1, 1, 1, 1, 1, 0, 1, 0, 1, 0, 0, 1, 0, 1, 1, 1, 0, 0, 1, 0, 1] <<
Generation: 11; Delta: 0.0000, Best >> Fitness: 26.0, Genotype/Phenotype: [1, 0, 1, 1, 1, 1, 1, 0, 0, 1, 0, 1, 1, 1, 1, 1, 0, 1, 0, 1, 0, 0, 1, 0, 1, 1, 1, 0, 0, 1, 0, 1] <<
Generation: 12; Delta: 0.0000, Best >> Fitness: 26.0, Genotype/Phenotype: [1, 0, 1, 1, 1, 1, 1, 0, 0, 1, 0, 1, 1, 1, 1, 1, 0, 1, 0, 1, 0, 0, 1, 0, 1, 1, 1, 0, 0, 1, 0, 1] <<
Generation: 13; Delta: 0.0000, Best >> Fitness: 26.0, Genotype/Phenotype: [1, 0, 1, 1, 1, 1, 1, 0, 0, 1, 0, 1, 1, 1, 1, 1, 0, 1, 0, 1, 0, 0, 1, 0, 1, 1, 1, 0, 0, 1, 0, 1] <<
Generation: 14; Delta: 0.0000, Best >> Fitness: 26.0, Genotype/Phenotype: [1, 0, 1, 1, 1, 1, 1, 0, 0, 1, 0, 1, 1, 1, 1, 1, 0, 1, 0, 1, 0, 0, 1, 0, 1, 1, 1, 0, 0, 1, 0, 1] <<
Generation: 15; Delta: 0.0000, Best >> Fitness: 26.0, Genotype/Phenotype: [1, 1, 0, 1, 0, 1, 0, 1, 0, 0, 1, 1, 1, 0, 1, 0, 0, 1, 1, 1, 0, 0, 1, 0, 1, 1, 0, 0, 0, 1, 1, 1] <<
Generation: 16; Delta: 0.0000, Best >> Fitness: 26.0, Genotype/Phenotype: [1, 0, 1, 1, 1, 1, 1, 0, 0, 1, 0, 1, 1, 1, 1, 1, 0, 1, 0, 1, 0, 0, 1, 0, 1, 1, 1, 0, 0, 1, 0, 1] <<
Generation: 17; Delta: 0.0000, Best >> Fitness: 26.0, Genotype/Phenotype: [1, 1, 0, 1, 0, 1, 0, 1, 0, 0, 1, 1, 1, 0, 1, 0, 0, 1, 1, 1, 0, 0, 1, 0, 1, 1, 0, 0, 0, 1, 1, 1] <<
Generation: 18; Delta: 0.0000, Best >> Fitness: 26.0, Genotype/Phenotype: [1, 0, 1, 1, 1, 1, 1, 0, 0, 1, 0, 1, 1, 1, 1, 1, 0, 1, 0, 1, 0, 0, 1, 0, 1, 1, 1, 0, 0, 1, 0, 1] <<
Generation: 19; Delta: 0.0000, Best >> Fitness: 26.0, Genotype/Phenotype: [1, 1, 0, 1, 0, 1, 0, 1, 0, 0, 1, 1, 1, 0, 1, 0, 0, 1, 1, 1, 0, 0, 1, 0, 1, 1, 0, 0, 0, 1, 1, 1] <<
Generation: 20; Delta: 0.0000, Best >> Fitness: 26.0, Genotype/Phenotype: [1, 0, 1, 1, 1, 1, 1, 0, 0, 1, 0, 1, 1, 1, 1, 1, 0, 1, 0, 1, 0, 0, 1, 0, 1, 1, 1, 0, 0, 1, 0, 1] <<
Generation: 21; Delta: 0.0000, Best >> Fitness: 26.0, Genotype/Phenotype: [1, 1, 0, 1, 0, 1, 0, 1, 0, 0, 1, 1, 1, 0, 1, 0, 0, 1, 1, 1, 0, 0, 1, 0, 1, 1, 0, 0, 0, 1, 1, 1] <<
Generation: 22; Delta: 0.0000, Best >> Fitness: 26.0, Genotype/Phenotype: [1, 0, 1, 1, 1, 1, 1, 0, 0, 1, 0, 1, 1, 1, 1, 1, 0, 1, 0, 1, 0, 0, 1, 0, 1, 1, 1, 0, 0, 1, 0, 1] <<
Generation: 23; Delta: 0.0000, Best >> Fitness: 26.0, Genotype/Phenotype: [1, 1, 0, 1, 0, 1, 0, 1, 0, 0, 1, 1, 1, 0, 1, 0, 0, 1, 1, 1, 0, 0, 1, 0, 1, 1, 0, 0, 0, 1, 1, 1] <<
Generation: 24; Delta: 0.0000, Best >> Fitness: 26.0, Genotype/Phenotype: [1, 0, 1, 1, 1, 1, 1, 0, 0, 1, 0, 1, 1, 1, 1, 1, 0, 1, 0, 1, 0, 0, 1, 0, 1, 1, 1, 0, 0, 1, 0, 1] <<
Generation: 25; Delta: 0.0000, Best >> Fitness: 26.0, Genotype/Phenotype: [1, 1, 0, 1, 0, 1, 0, 1, 0, 0, 1, 1, 1, 0, 1, 0, 0, 1, 1, 1, 0, 0, 1, 0, 1, 1, 0, 0, 0, 1, 1, 1] <<
Generation: 26; Delta: 0.0000, Best >> Fitness: 26.0, Genotype/Phenotype: [1, 0, 1, 1, 1, 1, 1, 0, 0, 1, 0, 1, 1, 1, 1, 1, 0, 1, 0, 1, 0, 0, 1, 0, 1, 1, 1, 0, 0, 1, 0, 1] <<
Generation: 27; Delta: 0.0000, Best >> Fitness: 26.0, Genotype/Phenotype: [1, 1, 0, 1, 0, 1, 0, 1, 0, 0, 1, 1, 1, 0, 1, 0, 0, 1, 1, 1, 0, 0, 1, 0, 1, 1, 0, 0, 0, 1, 1, 1] <<
Generation: 28; Delta: 0.0000, Best >> Fitness: 26.0, Genotype/Phenotype: [1, 0, 1, 1, 1, 1, 1, 0, 0, 1, 0, 1, 1, 1, 1, 1, 0, 1, 0, 1, 0, 0, 1, 0, 1, 1, 1, 0, 0, 1, 0, 1] <<
Generation: 29; Delta: 0.0000, Best >> Fitness: 26.0, Genotype/Phenotype: [1, 1, 0, 1, 0, 1, 1, 0, 0, 0, 0, 1, 1, 0, 1, 0, 1, 1, 1, 1, 0, 0, 0, 0, 1, 1, 1, 0, 0, 0, 0, 1] <<
Generation: 30; Delta: 0.0000, Best >> Fitness: 26.0, Genotype/Phenotype: [1, 0, 1, 1, 1, 1, 1, 0, 0, 1, 0, 1, 1, 1, 1, 1, 0, 1, 0, 1, 0, 0, 1, 0, 1, 1, 1, 0, 0, 1, 0, 1] <<
Generation: 31; Delta: 0.0000, Best >> Fitness: 26.0, Genotype/Phenotype: [1, 1, 0, 1, 0, 1, 1, 0, 0, 0, 0, 1, 1, 0, 1, 0, 1, 1, 1, 1, 0, 0, 0, 0, 1, 1, 1, 0, 0, 0, 0, 1] <<
Generation: 32; Delta: 0.0000, Best >> Fitness: 26.0, Genotype/Phenotype: [1, 0, 1, 1, 1, 1, 1, 0, 0, 1, 0, 1, 1, 1, 1, 1, 0, 1, 0, 1, 0, 0, 1, 0, 1, 1, 1, 0, 0, 1, 0, 1] <<
Generation: 33; Delta: 0.0000, Best >> Fitness: 26.0, Genotype/Phenotype: [1, 1, 0, 1, 0, 1, 1, 0, 0, 0, 0, 1, 1, 0, 1, 0, 1, 1, 1, 1, 0, 0, 0, 0, 1, 1, 1, 0, 0, 0, 0, 1] <<
Generation: 34; Delta: 0.0000, Best >> Fitness: 26.0, Genotype/Phenotype: [1, 0, 1, 1, 1, 1, 1, 0, 0, 1, 0, 1, 1, 1, 1, 1, 0, 1, 0, 1, 0, 0, 1, 0, 1, 1, 1, 0, 0, 1, 0, 1] <<
Generation: 35; Delta: 0.0000, Best >> Fitness: 26.0, Genotype/Phenotype: [0, 0, 1, 1, 0, 1, 1, 1, 0, 0, 1, 1, 1, 0, 1, 0, 0, 1, 1, 1, 0, 0, 1, 0, 1, 1, 0, 0, 0, 1, 1, 1] <<
Generation: 36; Delta: 0.0000, Best >> Fitness: 26.0, Genotype/Phenotype: [1, 0, 1, 1, 1, 1, 1, 0, 0, 1, 0, 1, 1, 1, 1, 1, 0, 1, 0, 1, 0, 0, 1, 0, 1, 1, 1, 0, 0, 1, 0, 1] <<
Generation: 37; Delta: 1.0000, Best >> Fitness: 27.0, Genotype/Phenotype: [1, 1, 1, 1, 0, 1, 1, 1, 0, 0, 0, 1, 1, 0, 1, 0, 0, 1, 1, 1, 0, 0, 0, 0, 1, 0, 0, 0, 1, 1, 0, 1] <<
Generation: 38; Delta: 0.0000, Best >> Fitness: 27.0, Genotype/Phenotype: [1, 1, 1, 1, 0, 1, 1, 1, 0, 0, 0, 1, 1, 0, 1, 0, 0, 1, 1, 1, 0, 0, 0, 0, 1, 0, 0, 0, 1, 1, 0, 1] <<
Generation: 39; Delta: 0.0000, Best >> Fitness: 27.0, Genotype/Phenotype: [1, 1, 1, 1, 0, 1, 1, 1, 0, 0, 0, 1, 1, 0, 1, 0, 0, 1, 1, 1, 0, 0, 0, 0, 1, 0, 0, 0, 1, 1, 0, 1] <<
Generation: 40; Delta: 0.0000, Best >> Fitness: 27.0, Genotype/Phenotype: [1, 1, 1, 1, 0, 1, 1, 1, 0, 0, 0, 1, 1, 0, 1, 0, 0, 1, 1, 1, 0, 0, 0, 0, 1, 0, 0, 0, 1, 1, 0, 1] <<
Generation: 41; Delta: 0.0000, Best >> Fitness: 27.0, Genotype/Phenotype: [1, 1, 1, 1, 0, 1, 1, 1, 0, 0, 0, 1, 1, 0, 1, 0, 0, 1, 1, 1, 0, 0, 0, 0, 1, 0, 0, 0, 1, 1, 0, 1] <<
Generation: 42; Delta: 0.0000, Best >> Fitness: 27.0, Genotype/Phenotype: [1, 1, 1, 1, 0, 1, 1, 1, 0, 0, 0, 1, 1, 0, 1, 0, 0, 1, 1, 1, 0, 0, 0, 0, 1, 0, 0, 0, 1, 1, 0, 1] <<
Generation: 43; Delta: 0.0000, Best >> Fitness: 27.0, Genotype/Phenotype: [1, 1, 1, 1, 0, 1, 1, 1, 0, 0, 0, 1, 1, 0, 1, 0, 0, 0, 1, 1, 0, 1, 1, 1, 1, 0, 1, 0, 0, 1, 0, 1] <<
Generation: 44; Delta: 0.0000, Best >> Fitness: 27.0, Genotype/Phenotype: [1, 1, 1, 1, 0, 1, 1, 1, 0, 0, 0, 1, 1, 0, 1, 0, 0, 1, 1, 1, 0, 0, 0, 0, 1, 0, 0, 0, 1, 1, 0, 1] <<
Generation: 45; Delta: 0.0000, Best >> Fitness: 27.0, Genotype/Phenotype: [1, 1, 1, 1, 0, 1, 1, 1, 0, 0, 0, 1, 1, 0, 1, 0, 0, 0, 1, 1, 0, 1, 1, 1, 1, 0, 1, 0, 0, 1, 0, 1] <<
Generation: 46; Delta: 0.0000, Best >> Fitness: 27.0, Genotype/Phenotype: [1, 1, 1, 1, 0, 1, 1, 1, 0, 0, 0, 1, 1, 0, 1, 0, 0, 1, 1, 1, 0, 0, 0, 0, 1, 0, 0, 0, 1, 1, 0, 1] <<
Generation: 47; Delta: 0.0000, Best >> Fitness: 27.0, Genotype/Phenotype: [1, 1, 1, 1, 0, 1, 1, 1, 0, 0, 0, 1, 1, 0, 1, 0, 0, 0, 1, 1, 0, 1, 1, 1, 1, 0, 1, 0, 0, 1, 0, 1] <<
Generation: 48; Delta: 0.0000, Best >> Fitness: 27.0, Genotype/Phenotype: [1, 1, 1, 1, 0, 1, 1, 1, 0, 0, 0, 1, 1, 0, 1, 0, 0, 1, 1, 1, 0, 0, 0, 0, 1, 0, 0, 0, 1, 1, 0, 1] <<
Generation: 49; Delta: 0.0000, Best >> Fitness: 27.0, Genotype/Phenotype: [1, 1, 1, 1, 0, 1, 1, 1, 0, 0, 0, 1, 1, 0, 1, 0, 0, 0, 1, 1, 0, 1, 1, 1, 1, 0, 1, 0, 0, 1, 0, 1] <<
Generation: 50; Delta: 0.0000, Best >> Fitness: 27.0, Genotype/Phenotype: [1, 1, 1, 1, 0, 1, 1, 1, 0, 0, 0, 1, 1, 0, 1, 0, 0, 1, 1, 1, 0, 0, 0, 0, 1, 0, 0, 0, 1, 1, 0, 1] <<
Generation: 51; Delta: 0.0000, Best >> Fitness: 27.0, Genotype/Phenotype: [1, 1, 1, 1, 0, 1, 1, 1, 0, 0, 0, 1, 1, 0, 1, 0, 0, 0, 1, 1, 0, 1, 1, 1, 1, 0, 1, 0, 0, 1, 0, 1] <<
Generation: 52; Delta: 0.0000, Best >> Fitness: 27.0, Genotype/Phenotype: [1, 1, 1, 1, 0, 1, 1, 1, 0, 0, 0, 1, 1, 0, 1, 0, 0, 1, 1, 1, 0, 0, 0, 0, 1, 0, 0, 0, 1, 1, 0, 1] <<
Generation: 53; Delta: 0.0000, Best >> Fitness: 27.0, Genotype/Phenotype: [0, 0, 1, 1, 0, 1, 1, 1, 0, 0, 0, 1, 1, 0, 0, 1, 0, 1, 1, 0, 1, 0, 1, 0, 1, 1, 1, 0, 0, 1, 0, 1] <<
Generation: 54; Delta: 0.0000, Best >> Fitness: 27.0, Genotype/Phenotype: [1, 1, 1, 1, 0, 1, 1, 1, 0, 0, 0, 1, 1, 0, 1, 0, 0, 1, 1, 1, 0, 0, 0, 0, 1, 0, 0, 0, 1, 1, 0, 1] <<
Generation: 55; Delta: 0.0000, Best >> Fitness: 27.0, Genotype/Phenotype: [0, 0, 1, 1, 0, 1, 1, 1, 0, 0, 0, 1, 1, 0, 0, 1, 0, 1, 1, 0, 1, 0, 1, 0, 1, 1, 1, 0, 0, 1, 0, 1] <<
Generation: 56; Delta: 0.0000, Best >> Fitness: 27.0, Genotype/Phenotype: [1, 1, 1, 1, 0, 1, 1, 1, 0, 0, 0, 1, 1, 0, 1, 0, 0, 1, 1, 1, 0, 0, 0, 0, 1, 0, 0, 0, 1, 1, 0, 1] <<
Generation: 57; Delta: 0.0000, Best >> Fitness: 27.0, Genotype/Phenotype: [0, 0, 1, 1, 0, 1, 1, 1, 0, 0, 0, 1, 1, 0, 0, 1, 0, 1, 1, 0, 1, 0, 1, 0, 1, 1, 1, 0, 0, 1, 0, 1] <<
Generation: 58; Delta: 0.0000, Best >> Fitness: 27.0, Genotype/Phenotype: [1, 1, 1, 1, 0, 1, 1, 1, 0, 0, 0, 1, 1, 0, 1, 0, 0, 1, 1, 1, 0, 0, 0, 0, 1, 0, 0, 0, 1, 1, 0, 1] <<
Generation: 59; Delta: 0.0000, Best >> Fitness: 27.0, Genotype/Phenotype: [0, 0, 1, 1, 0, 1, 1, 1, 0, 0, 0, 1, 1, 0, 0, 1, 0, 1, 1, 0, 1, 0, 1, 0, 1, 1, 1, 0, 0, 1, 0, 1] <<
Generation: 60; Delta: 0.0000, Best >> Fitness: 27.0, Genotype/Phenotype: [1, 1, 1, 1, 0, 1, 1, 1, 0, 0, 0, 1, 1, 0, 1, 0, 0, 1, 1, 1, 0, 0, 0, 0, 1, 0, 0, 0, 1, 1, 0, 1] <<
Generation: 61; Delta: 1.0000, Best >> Fitness: 28.0, Genotype/Phenotype: [1, 1, 1, 1, 0, 1, 1, 1, 0, 0, 0, 1, 1, 0, 1, 1, 0, 0, 1, 0, 0, 1, 1, 0, 1, 1, 1, 0, 0, 1, 0, 0] <<
Generation: 62; Delta: 0.0000, Best >> Fitness: 28.0, Genotype/Phenotype: [1, 1, 1, 1, 0, 1, 1, 1, 0, 0, 0, 1, 1, 0, 1, 1, 1, 1, 1, 1, 1, 0, 1, 0, 1, 1, 0, 0, 0, 1, 1, 1] <<
Generation: 63; Delta: 0.0000, Best >> Fitness: 28.0, Genotype/Phenotype: [1, 1, 1, 1, 0, 1, 1, 1, 0, 0, 0, 1, 1, 0, 1, 1, 0, 0, 1, 0, 0, 1, 1, 0, 1, 1, 1, 0, 0, 1, 0, 0] <<
Generation: 64; Delta: 0.0000, Best >> Fitness: 28.0, Genotype/Phenotype: [1, 1, 1, 1, 0, 1, 1, 1, 0, 0, 0, 1, 1, 0, 1, 1, 1, 1, 1, 1, 1, 0, 1, 0, 1, 1, 0, 0, 0, 1, 1, 1] <<
Generation: 65; Delta: 0.0000, Best >> Fitness: 28.0, Genotype/Phenotype: [1, 1, 1, 1, 0, 1, 1, 1, 0, 0, 0, 1, 1, 0, 1, 0, 1, 1, 1, 1, 1, 0, 0, 0, 1, 1, 1, 0, 0, 1, 0, 1] <<
Generation: 66; Delta: 0.0000, Best >> Fitness: 28.0, Genotype/Phenotype: [1, 1, 1, 1, 0, 1, 1, 1, 0, 0, 0, 1, 1, 0, 1, 1, 1, 1, 1, 1, 0, 0, 1, 1, 1, 1, 0, 0, 0, 1, 1, 1] <<
Generation: 67; Delta: 0.0000, Best >> Fitness: 28.0, Genotype/Phenotype: [1, 1, 1, 1, 0, 1, 1, 1, 0, 0, 0, 1, 1, 0, 1, 0, 1, 1, 1, 1, 1, 0, 0, 0, 1, 1, 1, 0, 0, 1, 0, 1] <<
Generation: 68; Delta: 0.0000, Best >> Fitness: 28.0, Genotype/Phenotype: [1, 1, 1, 1, 0, 1, 1, 1, 0, 0, 0, 1, 1, 0, 1, 1, 1, 1, 1, 1, 0, 0, 1, 1, 1, 1, 0, 0, 0, 1, 1, 1] <<
Generation: 69; Delta: 0.0000, Best >> Fitness: 28.0, Genotype/Phenotype: [1, 1, 0, 1, 0, 1, 0, 1, 0, 0, 1, 1, 1, 0, 1, 1, 0, 1, 1, 1, 0, 0, 1, 0, 1, 1, 1, 0, 0, 1, 0, 0] <<
Generation: 70; Delta: 0.0000, Best >> Fitness: 28.0, Genotype/Phenotype: [1, 1, 1, 1, 0, 1, 1, 1, 0, 0, 0, 1, 1, 0, 1, 1, 1, 1, 1, 1, 0, 0, 1, 1, 1, 1, 0, 0, 0, 1, 1, 1] <<
Generation: 71; Delta: 0.0000, Best >> Fitness: 28.0, Genotype/Phenotype: [1, 1, 0, 1, 0, 1, 0, 1, 0, 0, 1, 1, 1, 0, 1, 1, 0, 1, 1, 1, 0, 0, 1, 0, 1, 1, 1, 0, 0, 1, 0, 0] <<
Generation: 72; Delta: 0.0000, Best >> Fitness: 28.0, Genotype/Phenotype: [1, 1, 1, 1, 0, 1, 1, 1, 0, 0, 0, 1, 1, 0, 1, 1, 1, 1, 1, 1, 0, 0, 1, 1, 1, 1, 0, 0, 0, 1, 1, 1] <<
Generation: 73; Delta: 0.0000, Best >> Fitness: 28.0, Genotype/Phenotype: [1, 1, 0, 1, 0, 1, 0, 1, 0, 0, 1, 1, 1, 0, 1, 1, 0, 1, 1, 1, 0, 0, 1, 0, 1, 1, 1, 0, 0, 1, 0, 0] <<
Generation: 74; Delta: 0.0000, Best >> Fitness: 28.0, Genotype/Phenotype: [1, 1, 1, 1, 0, 1, 1, 1, 0, 0, 0, 1, 1, 0, 1, 1, 1, 1, 1, 1, 0, 0, 1, 1, 1, 1, 0, 0, 0, 1, 1, 1] <<
Generation: 75; Delta: 0.0000, Best >> Fitness: 28.0, Genotype/Phenotype: [1, 1, 0, 1, 0, 1, 0, 1, 0, 0, 1, 1, 1, 0, 1, 1, 0, 1, 1, 1, 0, 0, 1, 0, 1, 1, 1, 0, 0, 1, 0, 0] <<
Generation: 76; Delta: 0.0000, Best >> Fitness: 28.0, Genotype/Phenotype: [1, 1, 1, 1, 0, 1, 1, 1, 0, 0, 0, 1, 1, 0, 1, 1, 1, 1, 1, 1, 0, 0, 1, 1, 1, 1, 0, 0, 0, 1, 1, 1] <<
Generation: 77; Delta: 0.0000, Best >> Fitness: 28.0, Genotype/Phenotype: [1, 1, 0, 1, 0, 1, 0, 1, 0, 0, 1, 1, 1, 0, 1, 1, 0, 1, 1, 1, 0, 0, 1, 0, 1, 1, 1, 0, 0, 1, 0, 0] <<
Generation: 78; Delta: 0.0000, Best >> Fitness: 28.0, Genotype/Phenotype: [1, 1, 1, 1, 0, 1, 1, 1, 0, 0, 0, 1, 1, 0, 1, 1, 1, 1, 1, 1, 0, 0, 1, 1, 1, 1, 0, 0, 0, 1, 1, 1] <<
Generation: 79; Delta: 0.0000, Best >> Fitness: 28.0, Genotype/Phenotype: [1, 1, 0, 1, 0, 1, 0, 1, 0, 0, 1, 1, 1, 0, 1, 1, 0, 1, 1, 1, 0, 0, 1, 0, 1, 1, 1, 0, 0, 1, 0, 0] <<
Generation: 80; Delta: 0.0000, Best >> Fitness: 28.0, Genotype/Phenotype: [1, 1, 1, 1, 0, 1, 1, 1, 0, 0, 0, 1, 1, 0, 1, 1, 1, 1, 1, 1, 0, 0, 1, 1, 1, 1, 0, 0, 0, 1, 1, 1] <<
Generation: 81; Delta: 0.0000, Best >> Fitness: 28.0, Genotype/Phenotype: [1, 1, 0, 1, 0, 1, 0, 1, 0, 0, 1, 1, 1, 0, 1, 1, 0, 1, 1, 1, 0, 0, 1, 0, 1, 1, 1, 0, 0, 1, 0, 0] <<
Generation: 82; Delta: 0.0000, Best >> Fitness: 28.0, Genotype/Phenotype: [1, 1, 1, 1, 0, 1, 1, 1, 0, 0, 0, 1, 1, 0, 1, 1, 1, 1, 1, 1, 0, 0, 1, 1, 1, 1, 0, 0, 0, 1, 1, 1] <<
Generation: 83; Delta: 0.0000, Best >> Fitness: 28.0, Genotype/Phenotype: [1, 1, 0, 1, 0, 1, 0, 1, 0, 0, 1, 1, 1, 0, 1, 1, 0, 1, 1, 1, 0, 0, 1, 0, 1, 1, 1, 0, 0, 1, 0, 0] <<
Generation: 84; Delta: 0.0000, Best >> Fitness: 28.0, Genotype/Phenotype: [1, 1, 1, 1, 0, 1, 1, 1, 0, 0, 0, 1, 1, 0, 1, 1, 1, 1, 1, 1, 0, 0, 1, 1, 1, 1, 0, 0, 0, 1, 1, 1] <<
Generation: 85; Delta: 0.0000, Best >> Fitness: 28.0, Genotype/Phenotype: [1, 1, 0, 1, 0, 1, 0, 1, 0, 0, 1, 1, 1, 0, 1, 1, 0, 1, 1, 1, 0, 0, 1, 0, 1, 1, 1, 0, 0, 1, 0, 0] <<
Generation: 86; Delta: 2.0000, Best >> Fitness: 30.0, Genotype/Phenotype: [1, 1, 1, 1, 0, 1, 1, 1, 0, 0, 1, 1, 1, 0, 1, 1, 0, 1, 1, 1, 0, 0, 1, 0, 1, 1, 1, 0, 0, 1, 0, 0] <<
Generation: 87; Delta: 0.0000, Best >> Fitness: 30.0, Genotype/Phenotype: [1, 1, 1, 1, 0, 1, 1, 1, 0, 0, 1, 1, 1, 0, 1, 1, 0, 1, 1, 1, 0, 0, 1, 0, 1, 1, 1, 0, 0, 1, 0, 0] <<
Generation: 88; Delta: 0.0000, Best >> Fitness: 30.0, Genotype/Phenotype: [1, 1, 1, 1, 0, 1, 1, 1, 0, 0, 1, 1, 1, 0, 1, 1, 0, 1, 1, 1, 0, 0, 1, 0, 1, 1, 1, 0, 0, 1, 0, 0] <<
Generation: 89; Delta: 0.0000, Best >> Fitness: 30.0, Genotype/Phenotype: [1, 1, 1, 1, 0, 1, 1, 1, 0, 0, 1, 1, 1, 0, 1, 1, 0, 1, 1, 1, 0, 0, 1, 0, 1, 1, 1, 0, 0, 1, 0, 0] <<
Generation: 90; Delta: 0.0000, Best >> Fitness: 30.0, Genotype/Phenotype: [1, 1, 1, 1, 0, 1, 1, 1, 0, 0, 1, 1, 1, 0, 1, 1, 0, 1, 1, 1, 0, 0, 1, 0, 1, 1, 1, 0, 0, 1, 0, 0] <<
Generation: 91; Delta: 0.0000, Best >> Fitness: 30.0, Genotype/Phenotype: [1, 1, 1, 1, 0, 1, 1, 1, 0, 0, 1, 1, 1, 0, 1, 1, 0, 1, 1, 1, 0, 0, 1, 0, 1, 1, 1, 0, 0, 1, 0, 0] <<
Generation: 92; Delta: 0.0000, Best >> Fitness: 30.0, Genotype/Phenotype: [1, 1, 1, 1, 0, 1, 1, 1, 0, 0, 1, 1, 1, 0, 1, 1, 0, 1, 1, 1, 0, 0, 1, 0, 1, 1, 1, 0, 0, 1, 0, 0] <<
Generation: 93; Delta: 0.0000, Best >> Fitness: 30.0, Genotype/Phenotype: [1, 1, 1, 1, 0, 1, 1, 1, 0, 0, 1, 1, 1, 0, 1, 1, 0, 1, 1, 1, 0, 0, 1, 0, 1, 1, 1, 0, 0, 1, 0, 0] <<
Generation: 94; Delta: 0.0000, Best >> Fitness: 30.0, Genotype/Phenotype: [1, 1, 1, 1, 0, 1, 1, 1, 0, 0, 1, 1, 1, 0, 1, 1, 0, 1, 1, 1, 0, 0, 1, 0, 1, 1, 1, 0, 0, 1, 0, 0] <<
Generation: 95; Delta: 0.0000, Best >> Fitness: 30.0, Genotype/Phenotype: [1, 1, 1, 1, 0, 1, 1, 1, 0, 0, 1, 1, 1, 0, 1, 1, 0, 1, 1, 1, 0, 0, 1, 0, 1, 1, 1, 0, 0, 1, 0, 0] <<
Generation: 96; Delta: 0.0000, Best >> Fitness: 30.0, Genotype/Phenotype: [1, 1, 1, 1, 0, 1, 1, 1, 0, 0, 1, 1, 1, 0, 1, 1, 0, 1, 1, 1, 0, 0, 1, 0, 1, 1, 1, 0, 0, 1, 0, 0] <<
Generation: 97; Delta: 0.0000, Best >> Fitness: 30.0, Genotype/Phenotype: [1, 1, 1, 1, 0, 1, 1, 1, 0, 0, 1, 1, 1, 0, 1, 1, 0, 1, 1, 1, 0, 0, 1, 0, 1, 1, 1, 0, 0, 1, 0, 0] <<
Generation: 98; Delta: 0.0000, Best >> Fitness: 30.0, Genotype/Phenotype: [1, 1, 1, 1, 0, 1, 1, 1, 0, 0, 1, 1, 1, 0, 1, 1, 0, 1, 1, 1, 0, 0, 1, 0, 1, 1, 1, 0, 0, 1, 0, 0] <<
Generation: 99; Delta: 0.0000, Best >> Fitness: 30.0, Genotype/Phenotype: [1, 1, 1, 1, 0, 1, 1, 1, 0, 0, 1, 1, 1, 0, 1, 1, 0, 1, 1, 1, 0, 0, 1, 0, 1, 1, 1, 0, 0, 1, 0, 0] <<
Generation: 100; Delta: 0.0000, Best >> Fitness: 30.0, Genotype/Phenotype: [1, 1, 1, 1, 0, 1, 1, 1, 0, 0, 1, 1, 1, 0, 1, 1, 0, 1, 1, 1, 0, 0, 1, 0, 1, 1, 1, 0, 0, 1, 0, 0] <<
Generation: 101; Delta: 0.0000, Best >> Fitness: 30.0, Genotype/Phenotype: [1, 1, 1, 1, 0, 1, 1, 1, 0, 0, 1, 1, 1, 0, 1, 1, 0, 1, 1, 1, 0, 0, 1, 0, 1, 1, 1, 0, 0, 1, 0, 0] <<
Generation: 102; Delta: 0.0000, Best >> Fitness: 30.0, Genotype/Phenotype: [1, 1, 1, 1, 0, 1, 1, 1, 0, 0, 1, 1, 1, 0, 1, 1, 0, 1, 1, 1, 0, 0, 1, 0, 1, 1, 1, 0, 0, 1, 0, 0] <<
Generation: 103; Delta: 0.0000, Best >> Fitness: 30.0, Genotype/Phenotype: [1, 1, 1, 1, 0, 1, 1, 1, 0, 0, 1, 1, 1, 0, 1, 1, 0, 1, 1, 1, 0, 0, 1, 0, 1, 1, 1, 0, 0, 1, 0, 0] <<
Generation: 104; Delta: 0.0000, Best >> Fitness: 30.0, Genotype/Phenotype: [1, 1, 1, 1, 0, 1, 1, 1, 0, 0, 1, 1, 1, 0, 1, 1, 0, 1, 1, 1, 0, 0, 1, 0, 1, 1, 1, 0, 0, 1, 0, 0] <<
Generation: 105; Delta: 0.0000, Best >> Fitness: 30.0, Genotype/Phenotype: [1, 1, 1, 1, 0, 1, 1, 1, 0, 0, 1, 1, 1, 0, 1, 1, 0, 1, 1, 1, 0, 0, 1, 0, 1, 1, 1, 0, 0, 1, 0, 0] <<
Generation: 106; Delta: 0.0000, Best >> Fitness: 30.0, Genotype/Phenotype: [1, 1, 1, 1, 0, 1, 1, 1, 0, 0, 1, 1, 1, 0, 1, 1, 0, 1, 1, 1, 0, 0, 1, 0, 1, 1, 1, 0, 0, 1, 0, 0] <<
Generation: 107; Delta: 0.0000, Best >> Fitness: 30.0, Genotype/Phenotype: [1, 1, 1, 1, 0, 1, 1, 1, 0, 0, 1, 1, 1, 0, 1, 1, 0, 1, 1, 1, 0, 0, 1, 0, 1, 1, 1, 0, 0, 1, 0, 0] <<
Generation: 108; Delta: 0.0000, Best >> Fitness: 30.0, Genotype/Phenotype: [1, 1, 1, 1, 0, 1, 1, 1, 0, 0, 1, 1, 1, 0, 1, 1, 0, 1, 1, 1, 0, 0, 1, 0, 1, 1, 1, 0, 0, 1, 0, 0] <<
Generation: 109; Delta: 0.0000, Best >> Fitness: 30.0, Genotype/Phenotype: [1, 1, 1, 1, 0, 1, 1, 1, 0, 0, 1, 1, 1, 0, 1, 1, 0, 1, 1, 1, 0, 0, 1, 0, 1, 1, 1, 0, 0, 1, 0, 0] <<
Generation: 110; Delta: 0.0000, Best >> Fitness: 30.0, Genotype/Phenotype: [1, 1, 1, 1, 0, 1, 1, 1, 0, 0, 1, 1, 1, 0, 1, 1, 0, 1, 1, 1, 0, 0, 1, 0, 1, 1, 1, 0, 0, 1, 0, 0] <<
Generation: 111; Delta: 0.0000, Best >> Fitness: 30.0, Genotype/Phenotype: [1, 1, 1, 1, 0, 1, 1, 1, 0, 0, 1, 1, 1, 0, 1, 1, 0, 1, 1, 1, 0, 0, 1, 0, 1, 1, 1, 0, 0, 1, 0, 0] <<
Generation: 112; Delta: 0.0000, Best >> Fitness: 30.0, Genotype/Phenotype: [1, 1, 1, 1, 0, 1, 1, 1, 0, 0, 1, 1, 1, 0, 1, 1, 0, 1, 1, 1, 0, 0, 1, 0, 1, 1, 1, 0, 0, 1, 0, 0] <<
Generation: 113; Delta: 0.0000, Best >> Fitness: 30.0, Genotype/Phenotype: [1, 1, 1, 1, 0, 1, 1, 1, 0, 0, 1, 1, 1, 0, 1, 1, 0, 1, 1, 1, 0, 0, 1, 0, 1, 1, 1, 0, 0, 1, 0, 0] <<
Generation: 114; Delta: 0.0000, Best >> Fitness: 30.0, Genotype/Phenotype: [1, 1, 1, 1, 0, 1, 1, 1, 0, 0, 1, 1, 1, 0, 1, 1, 0, 1, 1, 1, 0, 0, 1, 0, 1, 1, 1, 0, 0, 1, 0, 0] <<
Generation: 115; Delta: 0.0000, Best >> Fitness: 30.0, Genotype/Phenotype: [1, 1, 1, 1, 0, 1, 1, 1, 0, 0, 1, 1, 1, 0, 1, 1, 0, 1, 1, 1, 0, 0, 1, 0, 1, 1, 1, 0, 0, 1, 0, 0] <<
Generation: 116; Delta: 0.0000, Best >> Fitness: 30.0, Genotype/Phenotype: [1, 1, 1, 1, 0, 1, 1, 1, 0, 0, 1, 1, 1, 0, 1, 1, 0, 1, 1, 1, 0, 0, 1, 0, 1, 1, 1, 0, 0, 1, 0, 0] <<
Generation: 117; Delta: 0.0000, Best >> Fitness: 30.0, Genotype/Phenotype: [1, 1, 1, 1, 0, 1, 1, 1, 0, 0, 1, 1, 1, 0, 1, 1, 0, 1, 1, 1, 0, 0, 1, 0, 1, 1, 1, 0, 0, 1, 0, 0] <<
Generation: 118; Delta: 0.0000, Best >> Fitness: 30.0, Genotype/Phenotype: [1, 1, 1, 1, 0, 1, 1, 1, 0, 0, 1, 1, 1, 0, 1, 1, 0, 1, 1, 1, 0, 0, 1, 0, 1, 1, 1, 0, 0, 1, 0, 0] <<
Generation: 119; Delta: 0.0000, Best >> Fitness: 30.0, Genotype/Phenotype: [1, 1, 1, 1, 0, 1, 1, 1, 0, 0, 1, 1, 1, 0, 1, 1, 0, 1, 1, 1, 0, 0, 1, 0, 1, 1, 1, 0, 0, 1, 0, 0] <<
Generation: 120; Delta: 0.0000, Best >> Fitness: 30.0, Genotype/Phenotype: [1, 1, 1, 1, 0, 1, 1, 1, 0, 0, 1, 1, 1, 0, 1, 1, 0, 1, 1, 1, 0, 0, 1, 0, 1, 1, 1, 0, 0, 1, 0, 0] <<
Generation: 121; Delta: 0.0000, Best >> Fitness: 30.0, Genotype/Phenotype: [1, 1, 1, 1, 0, 1, 1, 1, 0, 0, 1, 1, 1, 0, 1, 1, 0, 1, 1, 1, 0, 0, 1, 0, 1, 1, 1, 0, 0, 1, 0, 0] <<
Generation: 122; Delta: 0.0000, Best >> Fitness: 30.0, Genotype/Phenotype: [1, 1, 1, 1, 0, 1, 1, 1, 0, 0, 1, 1, 1, 0, 1, 1, 0, 1, 1, 1, 0, 0, 1, 0, 1, 1, 1, 0, 0, 1, 0, 0] <<
Generation: 123; Delta: 0.0000, Best >> Fitness: 30.0, Genotype/Phenotype: [1, 1, 1, 1, 0, 1, 1, 1, 0, 0, 1, 1, 1, 0, 1, 1, 0, 1, 1, 1, 0, 0, 1, 0, 1, 1, 1, 0, 0, 1, 0, 0] <<
Generation: 124; Delta: 0.0000, Best >> Fitness: 30.0, Genotype/Phenotype: [1, 1, 1, 1, 0, 1, 1, 1, 0, 0, 1, 1, 1, 0, 1, 1, 0, 1, 1, 1, 0, 0, 1, 0, 1, 1, 1, 0, 0, 1, 0, 0] <<
Generation: 125; Delta: 0.0000, Best >> Fitness: 30.0, Genotype/Phenotype: [1, 1, 1, 1, 0, 1, 1, 1, 0, 0, 1, 1, 1, 0, 1, 1, 0, 1, 1, 1, 0, 0, 1, 0, 1, 1, 1, 0, 0, 1, 0, 0] <<
Generation: 126; Delta: 0.0000, Best >> Fitness: 30.0, Genotype/Phenotype: [1, 1, 1, 1, 0, 1, 1, 1, 0, 0, 1, 1, 1, 0, 1, 1, 0, 1, 1, 1, 0, 0, 1, 0, 1, 1, 1, 0, 0, 1, 0, 0] <<
Generation: 127; Delta: 0.0000, Best >> Fitness: 30.0, Genotype/Phenotype: [1, 1, 1, 1, 0, 1, 1, 1, 0, 0, 1, 1, 1, 0, 1, 1, 0, 1, 1, 1, 0, 0, 1, 0, 1, 1, 1, 0, 0, 1, 0, 0] <<
Generation: 128; Delta: 0.0000, Best >> Fitness: 30.0, Genotype/Phenotype: [1, 1, 1, 1, 0, 1, 1, 1, 0, 0, 1, 1, 1, 0, 1, 1, 0, 1, 1, 1, 0, 0, 1, 0, 1, 1, 1, 0, 0, 1, 0, 0] <<
Generation: 129; Delta: 0.0000, Best >> Fitness: 30.0, Genotype/Phenotype: [1, 1, 1, 1, 0, 1, 1, 1, 0, 0, 1, 1, 1, 0, 1, 1, 0, 1, 1, 1, 0, 0, 1, 0, 1, 1, 1, 0, 0, 1, 0, 0] <<
Generation: 130; Delta: 0.0000, Best >> Fitness: 30.0, Genotype/Phenotype: [1, 1, 1, 1, 0, 1, 1, 1, 0, 0, 1, 1, 1, 0, 1, 1, 0, 1, 1, 1, 0, 0, 1, 0, 1, 1, 1, 0, 0, 1, 0, 0] <<
Generation: 131; Delta: 0.0000, Best >> Fitness: 30.0, Genotype/Phenotype: [1, 1, 1, 1, 0, 1, 1, 1, 0, 0, 1, 1, 1, 0, 1, 1, 0, 1, 1, 1, 0, 0, 1, 0, 1, 1, 1, 0, 0, 1, 0, 0] <<
Generation: 132; Delta: 0.0000, Best >> Fitness: 30.0, Genotype/Phenotype: [1, 1, 1, 1, 0, 1, 1, 1, 0, 0, 1, 1, 1, 0, 1, 1, 0, 1, 1, 1, 0, 0, 1, 0, 1, 1, 1, 0, 0, 1, 0, 0] <<
Generation: 133; Delta: 0.0000, Best >> Fitness: 30.0, Genotype/Phenotype: [1, 1, 1, 1, 0, 1, 1, 1, 0, 0, 1, 1, 1, 0, 1, 1, 0, 1, 1, 1, 0, 0, 1, 0, 1, 1, 1, 0, 0, 1, 0, 0] <<
Generation: 134; Delta: 0.0000, Best >> Fitness: 30.0, Genotype/Phenotype: [1, 1, 1, 1, 0, 1, 1, 1, 0, 0, 1, 1, 1, 0, 1, 1, 0, 1, 1, 1, 0, 0, 1, 0, 1, 1, 1, 0, 0, 1, 0, 0] <<
Generation: 135; Delta: 0.0000, Best >> Fitness: 30.0, Genotype/Phenotype: [1, 1, 1, 1, 0, 1, 1, 1, 0, 0, 1, 1, 1, 0, 1, 1, 0, 1, 1, 1, 0, 0, 1, 0, 1, 1, 1, 0, 0, 1, 0, 0] <<
Generation: 136; Delta: 0.0000, Best >> Fitness: 30.0, Genotype/Phenotype: [1, 1, 1, 1, 0, 1, 1, 1, 0, 0, 1, 1, 1, 0, 1, 1, 0, 1, 1, 1, 0, 0, 1, 0, 1, 1, 1, 0, 0, 1, 0, 0] <<
Generation: 137; Delta: 0.0000, Best >> Fitness: 30.0, Genotype/Phenotype: [1, 1, 1, 1, 0, 1, 1, 1, 0, 0, 1, 1, 1, 0, 1, 1, 0, 1, 1, 1, 0, 0, 1, 0, 1, 1, 1, 0, 0, 1, 0, 0] <<
Generation: 138; Delta: 0.0000, Best >> Fitness: 30.0, Genotype/Phenotype: [1, 1, 1, 1, 0, 1, 1, 1, 0, 0, 1, 1, 1, 0, 1, 1, 0, 1, 1, 1, 0, 0, 1, 0, 1, 1, 1, 0, 0, 1, 0, 0] <<
Generation: 139; Delta: 0.0000, Best >> Fitness: 30.0, Genotype/Phenotype: [1, 1, 1, 1, 0, 1, 1, 1, 0, 0, 1, 1, 1, 0, 1, 1, 0, 1, 1, 1, 0, 0, 1, 0, 1, 1, 1, 0, 0, 1, 0, 0] <<
Generation: 140; Delta: 0.0000, Best >> Fitness: 30.0, Genotype/Phenotype: [1, 1, 1, 1, 0, 1, 1, 1, 0, 0, 1, 1, 1, 0, 1, 1, 0, 1, 1, 1, 0, 0, 1, 0, 1, 1, 1, 0, 0, 1, 0, 0] <<
Generation: 141; Delta: 0.0000, Best >> Fitness: 30.0, Genotype/Phenotype: [1, 1, 1, 1, 0, 1, 1, 1, 0, 0, 1, 1, 1, 0, 1, 1, 0, 1, 1, 1, 0, 0, 1, 0, 1, 1, 1, 0, 0, 1, 0, 0] <<
Generation: 142; Delta: 0.0000, Best >> Fitness: 30.0, Genotype/Phenotype: [1, 1, 1, 1, 0, 1, 1, 1, 0, 0, 1, 1, 1, 0, 1, 1, 0, 1, 1, 1, 0, 0, 1, 0, 1, 1, 1, 0, 0, 1, 0, 0] <<
Generation: 143; Delta: 0.0000, Best >> Fitness: 30.0, Genotype/Phenotype: [1, 1, 1, 1, 0, 1, 1, 1, 0, 0, 1, 1, 1, 0, 1, 1, 0, 1, 1, 1, 0, 0, 1, 0, 1, 1, 1, 0, 0, 1, 0, 0] <<
Generation: 144; Delta: 0.0000, Best >> Fitness: 30.0, Genotype/Phenotype: [1, 1, 1, 1, 0, 1, 1, 1, 0, 0, 1, 1, 1, 0, 1, 1, 0, 1, 1, 1, 0, 0, 1, 0, 1, 1, 1, 0, 0, 1, 0, 0] <<
Generation: 145; Delta: 0.0000, Best >> Fitness: 30.0, Genotype/Phenotype: [1, 1, 1, 1, 0, 1, 1, 1, 0, 0, 1, 1, 1, 0, 1, 1, 0, 1, 1, 1, 0, 0, 1, 0, 1, 1, 1, 0, 0, 1, 0, 0] <<
Generation: 146; Delta: 0.0000, Best >> Fitness: 30.0, Genotype/Phenotype: [1, 1, 1, 1, 0, 1, 1, 1, 0, 0, 1, 1, 1, 0, 1, 1, 0, 1, 1, 1, 0, 0, 1, 0, 1, 1, 1, 0, 0, 1, 0, 0] <<
Generation: 147; Delta: 0.0000, Best >> Fitness: 30.0, Genotype/Phenotype: [1, 1, 1, 1, 0, 1, 1, 1, 0, 0, 1, 1, 1, 0, 1, 1, 0, 1, 1, 1, 0, 0, 1, 0, 1, 1, 1, 0, 0, 1, 0, 0] <<
Generation: 148; Delta: 0.0000, Best >> Fitness: 30.0, Genotype/Phenotype: [1, 1, 1, 1, 0, 1, 1, 1, 0, 0, 1, 1, 1, 0, 1, 1, 0, 1, 1, 1, 0, 0, 1, 0, 1, 1, 1, 0, 0, 1, 0, 0] <<
Generation: 149; Delta: 0.0000, Best >> Fitness: 30.0, Genotype/Phenotype: [1, 1, 1, 1, 0, 1, 1, 1, 0, 0, 1, 1, 1, 0, 1, 1, 0, 1, 1, 1, 0, 0, 1, 0, 1, 1, 1, 0, 0, 1, 0, 0] <<
Generation: 150; Delta: 0.0000, Best >> Fitness: 30.0, Genotype/Phenotype: [1, 1, 1, 1, 0, 1, 1, 1, 0, 0, 1, 1, 1, 0, 1, 1, 0, 1, 1, 1, 0, 0, 1, 0, 1, 1, 1, 0, 0, 1, 0, 0] <<
Generation: 151; Delta: 0.0000, Best >> Fitness: 30.0, Genotype/Phenotype: [1, 1, 1, 1, 0, 1, 1, 1, 0, 0, 1, 1, 1, 0, 1, 1, 0, 1, 1, 1, 0, 0, 1, 0, 1, 1, 1, 0, 0, 1, 0, 0] <<
Generation: 152; Delta: 0.0000, Best >> Fitness: 30.0, Genotype/Phenotype: [1, 1, 1, 1, 0, 1, 1, 1, 0, 0, 1, 1, 1, 0, 1, 1, 0, 1, 1, 1, 0, 0, 1, 0, 1, 1, 1, 0, 0, 1, 0, 0] <<
Generation: 153; Delta: 0.0000, Best >> Fitness: 30.0, Genotype/Phenotype: [1, 1, 1, 1, 0, 1, 1, 1, 0, 0, 1, 1, 1, 0, 1, 1, 0, 1, 1, 1, 0, 0, 1, 0, 1, 1, 1, 0, 0, 1, 0, 0] <<
Generation: 154; Delta: 0.0000, Best >> Fitness: 30.0, Genotype/Phenotype: [1, 1, 1, 1, 0, 1, 1, 1, 0, 0, 1, 1, 1, 0, 1, 1, 0, 1, 1, 1, 0, 0, 1, 0, 1, 1, 1, 0, 0, 1, 0, 0] <<
Generation: 155; Delta: 0.0000, Best >> Fitness: 30.0, Genotype/Phenotype: [1, 1, 1, 1, 0, 1, 1, 1, 0, 0, 1, 1, 1, 0, 1, 1, 0, 1, 1, 1, 0, 0, 1, 0, 1, 1, 1, 0, 0, 1, 0, 0] <<
Generation: 156; Delta: 0.0000, Best >> Fitness: 30.0, Genotype/Phenotype: [1, 1, 1, 1, 0, 1, 1, 1, 0, 0, 1, 1, 1, 0, 1, 1, 0, 1, 1, 1, 0, 0, 1, 0, 1, 1, 1, 0, 0, 1, 0, 0] <<
Generation: 157; Delta: 0.0000, Best >> Fitness: 30.0, Genotype/Phenotype: [1, 1, 1, 1, 0, 1, 1, 1, 0, 0, 1, 1, 1, 0, 1, 1, 0, 1, 1, 1, 0, 0, 1, 0, 1, 1, 1, 0, 0, 1, 0, 0] <<
Generation: 158; Delta: 2.0000, Best >> Fitness: 32.0, Genotype/Phenotype: [1, 1, 1, 1, 0, 1, 1, 1, 0, 0, 0, 1, 1, 0, 1, 1, 0, 1, 1, 1, 0, 0, 1, 0, 1, 1, 1, 0, 0, 1, 0, 1] <<
