Generation: 0;
Male: Delta - 22.0000;
      Best >> FitnessFunction: 22.0, Gender: M, 
DNA_1: [0, 0, 0, 0, 0, 1, 1, 1, 0, 1, 1, 1, 1, 0, 1, 1, 1, 0, 1, 1, 0, 1, 0, 1, 0, 0, 1, 1, 1, 0, 1, 0]
DNA_2: [1, 1, 1, 1, 0, 0, 1, 0, 1, 1, 1, 1, 0, 0, 1, 0, 0, 1, 0, 0, 1, 1, 1, 1, 1, 0, 1, 0, 0, 0, 0, 0]
Dominance:
Random mapping with probability: 0.5
Phenotype: [1, 0, 0, 1, 0, 1, 1, 0, 1, 1, 1, 1, 0, 0, 1, 1, 0, 1, 1, 0, 0, 1, 1, 1, 0, 0, 1, 1, 1, 0, 0, 0], Recombination probability: [0.049787068367863944, 0.1353352832366127, 0.049787068367863944, 0.006737946999085467, 0.049787068367863944, 0.1353352832366127, 0.36787944117144233, 0.36787944117144233, 0.0024787521766663585, 0.0024787521766663585, 0.049787068367863944, 0.01831563888873418, 0.36787944117144233, 0.0024787521766663585, 0.01831563888873418, 0.1353352832366127, 0.006737946999085467, 0.01831563888873418, 0.0024787521766663585, 0.0024787521766663585, 0.36787944117144233, 0.01831563888873418, 0.0024787521766663585, 0.006737946999085467, 0.049787068367863944, 0.0024787521766663585, 0.36787944117144233, 0.006737946999085467, 0.0024787521766663585, 0.0024787521766663585, 0.006737946999085467, 0.006737946999085467] <<
Female: Delta - 23.0000
      Best >> FitnessFunction: 23.0, Gender: F, 
DNA_1: [0, 1, 1, 1, 1, 1, 0, 1, 1, 0, 0, 0, 1, 0, 1, 1, 1, 1, 1, 1, 0, 1, 1, 0, 1, 0, 0, 0, 0, 0, 0, 1]
DNA_2: [1, 1, 0, 0, 1, 1, 1, 1, 0, 1, 1, 1, 0, 1, 0, 1, 0, 0, 1, 1, 0, 1, 0, 1, 0, 0, 1, 1, 0, 0, 1, 1]
Dominance:
Random mapping with probability: 0.5
Phenotype: [1, 1, 0, 1, 1, 1, 0, 1, 0, 0, 0, 0, 0, 1, 1, 1, 1, 0, 1, 1, 0, 1, 1, 1, 0, 0, 1, 0, 0, 0, 1, 1], Recombination probability: [0.049787068367863944, 0.01831563888873418, 0.01831563888873418, 0.0024787521766663585, 0.006737946999085467, 0.1353352832366127, 0.0024787521766663585, 0.1353352832366127, 0.01831563888873418, 0.0024787521766663585, 0.006737946999085467, 0.36787944117144233, 0.0024787521766663585, 0.0024787521766663585, 0.36787944117144233, 0.01831563888873418, 0.0024787521766663585, 0.049787068367863944, 0.36787944117144233, 0.006737946999085467, 0.1353352832366127, 0.006737946999085467, 0.01831563888873418, 0.01831563888873418, 0.0024787521766663585, 0.049787068367863944, 0.0024787521766663585, 0.049787068367863944, 0.0024787521766663585, 0.1353352832366127, 0.006737946999085467, 0.0024787521766663585] <<



Generation: 1;
Male: Delta - 0.0000;
      Best >> FitnessFunction: 22.0, Gender: M, 
DNA_1: [0, 1, 1, 1, 1, 0, 1, 0, 0, 1, 1, 0, 1, 1, 0, 0, 0, 0, 1, 1, 1, 1, 1, 1, 1, 1, 1, 0, 0, 1, 1, 0]
DNA_2: [1, 0, 0, 1, 0, 1, 1, 1, 0, 1, 1, 0, 1, 0, 1, 1, 0, 0, 1, 1, 1, 0, 0, 0, 1, 1, 1, 1, 1, 0, 1, 0]
Dominance:
Random mapping with probability: 0.5
Phenotype: [0, 1, 0, 1, 0, 1, 1, 1, 0, 1, 1, 0, 1, 1, 0, 0, 0, 0, 1, 1, 1, 0, 0, 1, 1, 1, 1, 1, 0, 1, 1, 0], Recombination probability: [0.1353352832366127, 0.1353352832366127, 0.1353352832366127, 0.36787944117144233, 0.049787068367863944, 0.1353352832366127, 0.1353352832366127, 0.36787944117144233, 0.01831563888873418, 0.006737946999085467, 0.36787944117144233, 0.1353352832366127, 0.049787068367863944, 0.006737946999085467, 0.01831563888873418, 0.0024787521766663585, 0.049787068367863944, 0.049787068367863944, 0.0024787521766663585, 0.006737946999085467, 0.36787944117144233, 0.049787068367863944, 0.006737946999085467, 0.049787068367863944, 0.01831563888873418, 0.0024787521766663585, 0.1353352832366127, 0.0024787521766663585, 0.049787068367863944, 0.01831563888873418, 0.1353352832366127, 0.01831563888873418] <<
Female: Delta - 0.0000
      Best >> FitnessFunction: 23.0, Gender: F, 
DNA_1: [1, 1, 0, 1, 1, 1, 1, 1, 1, 1, 1, 1, 1, 1, 1, 0, 0, 0, 1, 1, 1, 0, 1, 1, 1, 1, 1, 0, 0, 0, 0, 1]
DNA_2: [0, 1, 0, 1, 0, 1, 1, 0, 0, 1, 0, 0, 1, 0, 1, 0, 0, 0, 1, 0, 1, 0, 1, 0, 0, 0, 1, 0, 1, 1, 1, 1]
Dominance:
Random mapping with probability: 0.5
Phenotype: [1, 1, 0, 1, 0, 1, 1, 1, 0, 1, 1, 0, 1, 1, 1, 0, 0, 0, 1, 0, 1, 0, 1, 1, 1, 0, 1, 0, 0, 0, 1, 1], Recombination probability: [0.36787944117144233, 0.36787944117144233, 0.1353352832366127, 0.0024787521766663585, 0.0024787521766663585, 0.0024787521766663585, 0.049787068367863944, 0.049787068367863944, 0.049787068367863944, 0.0024787521766663585, 0.0024787521766663585, 0.01831563888873418, 0.006737946999085467, 0.01831563888873418, 0.01831563888873418, 0.0024787521766663585, 0.006737946999085467, 0.049787068367863944, 0.0024787521766663585, 0.1353352832366127, 0.049787068367863944, 0.01831563888873418, 0.01831563888873418, 0.36787944117144233, 0.0024787521766663585, 0.0024787521766663585, 0.049787068367863944, 0.006737946999085467, 0.1353352832366127, 0.01831563888873418, 0.36787944117144233, 0.1353352832366127] <<



Generation: 2;
Male: Delta - 2.0000;
      Best >> FitnessFunction: 24.0, Gender: M, 
DNA_1: [1, 0, 0, 1, 0, 1, 1, 1, 1, 1, 1, 0, 1, 0, 1, 1, 1, 0, 1, 1, 1, 1, 0, 0, 1, 0, 1, 1, 1, 1, 1, 0]
DNA_2: [0, 1, 1, 0, 1, 1, 0, 1, 0, 1, 0, 1, 0, 0, 0, 0, 1, 0, 0, 0, 1, 0, 0, 1, 1, 1, 0, 1, 1, 0, 1, 1]
Dominance:
Random mapping with probability: 0.5
Phenotype: [1, 1, 0, 1, 0, 1, 0, 1, 1, 1, 1, 0, 1, 0, 1, 0, 1, 0, 0, 1, 1, 0, 0, 0, 1, 0, 1, 1, 1, 0, 1, 0], Recombination probability: [0.1353352832366127, 0.1353352832366127, 0.1353352832366127, 0.36787944117144233, 0.049787068367863944, 0.1353352832366127, 0.1353352832366127, 0.36787944117144233, 0.01831563888873418, 0.006737946999085467, 0.36787944117144233, 0.1353352832366127, 0.049787068367863944, 0.006737946999085467, 0.01831563888873418, 0.0024787521766663585, 0.049787068367863944, 0.049787068367863944, 0.0024787521766663585, 0.006737946999085467, 0.36787944117144233, 0.049787068367863944, 0.006737946999085467, 0.049787068367863944, 0.01831563888873418, 0.0024787521766663585, 0.1353352832366127, 0.0024787521766663585, 0.049787068367863944, 0.01831563888873418, 0.1353352832366127, 0.01831563888873418] <<
Female: Delta - 0.0000
      Best >> FitnessFunction: 23.0, Gender: F, 
DNA_1: [0, 1, 0, 1, 0, 0, 1, 0, 0, 1, 0, 0, 0, 1, 1, 1, 1, 0, 0, 1, 1, 1, 0, 1, 1, 1, 1, 1, 1, 1, 1, 1]
DNA_2: [0, 1, 1, 1, 1, 1, 1, 1, 0, 1, 1, 0, 1, 1, 0, 0, 0, 0, 1, 1, 0, 0, 1, 1, 1, 1, 1, 0, 0, 1, 1, 0]
Dominance:
Random mapping with probability: 0.5
Phenotype: [0, 1, 1, 1, 1, 0, 1, 0, 0, 1, 0, 0, 0, 1, 0, 1, 0, 0, 0, 1, 0, 0, 1, 1, 1, 1, 1, 1, 0, 1, 1, 0], Recombination probability: [0.01831563888873418, 0.006737946999085467, 0.36787944117144233, 0.36787944117144233, 0.1353352832366127, 0.006737946999085467, 0.36787944117144233, 0.0024787521766663585, 0.006737946999085467, 0.36787944117144233, 0.006737946999085467, 0.01831563888873418, 0.0024787521766663585, 0.1353352832366127, 0.1353352832366127, 0.006737946999085467, 0.006737946999085467, 0.0024787521766663585, 0.006737946999085467, 0.01831563888873418, 0.1353352832366127, 0.01831563888873418, 0.36787944117144233, 0.36787944117144233, 0.049787068367863944, 0.006737946999085467, 0.1353352832366127, 0.01831563888873418, 0.006737946999085467, 0.36787944117144233, 0.049787068367863944, 0.0024787521766663585] <<



Generation: 3;
Male: Delta - 2.0000;
      Best >> FitnessFunction: 26.0, Gender: M, 
DNA_1: [0, 1, 1, 0, 1, 1, 0, 1, 1, 0, 0, 0, 1, 0, 1, 1, 1, 1, 1, 0, 1, 1, 1, 0, 0, 1, 1, 0, 0, 1, 0, 1]
DNA_2: [1, 1, 1, 1, 1, 1, 0, 1, 0, 1, 1, 1, 0, 0, 1, 1, 1, 1, 1, 1, 1, 1, 1, 1, 0, 1, 1, 1, 1, 0, 0, 1]
Dominance:
Random mapping with probability: 0.5
Phenotype: [1, 1, 1, 0, 1, 1, 0, 1, 1, 1, 0, 0, 0, 0, 1, 1, 1, 1, 1, 0, 1, 1, 1, 0, 0, 1, 1, 1, 1, 1, 0, 1], Recombination probability: [0.0024787521766663585, 0.01831563888873418, 0.006737946999085467, 0.006737946999085467, 0.0024787521766663585, 0.0024787521766663585, 0.049787068367863944, 0.01831563888873418, 0.006737946999085467, 0.006737946999085467, 0.01831563888873418, 0.049787068367863944, 0.36787944117144233, 0.006737946999085467, 0.049787068367863944, 0.01831563888873418, 0.049787068367863944, 0.0024787521766663585, 0.006737946999085467, 0.049787068367863944, 0.1353352832366127, 0.01831563888873418, 0.049787068367863944, 0.01831563888873418, 0.049787068367863944, 0.1353352832366127, 0.01831563888873418, 0.0024787521766663585, 0.01831563888873418, 0.01831563888873418, 0.36787944117144233, 0.36787944117144233] <<
Female: Delta - -1.0000
      Best >> FitnessFunction: 22.0, Gender: F, 
DNA_1: [1, 1, 0, 1, 1, 1, 1, 1, 1, 1, 1, 1, 1, 1, 1, 0, 0, 0, 1, 1, 1, 0, 1, 1, 1, 1, 1, 0, 0, 0, 0, 1]
DNA_2: [0, 1, 0, 1, 0, 1, 1, 0, 0, 1, 0, 0, 1, 0, 1, 0, 0, 0, 1, 0, 1, 0, 1, 0, 0, 0, 1, 0, 1, 1, 1, 1]
Dominance:
Random mapping with probability: 0.5
Phenotype: [0, 1, 0, 1, 1, 1, 1, 0, 0, 1, 1, 0, 1, 1, 1, 0, 0, 0, 1, 0, 1, 0, 1, 1, 1, 0, 1, 0, 1, 1, 0, 1], Recombination probability: [0.36787944117144233, 0.36787944117144233, 0.1353352832366127, 0.0024787521766663585, 0.0024787521766663585, 0.0024787521766663585, 0.049787068367863944, 0.049787068367863944, 0.049787068367863944, 0.0024787521766663585, 0.0024787521766663585, 0.01831563888873418, 0.006737946999085467, 0.01831563888873418, 0.01831563888873418, 0.0024787521766663585, 0.006737946999085467, 0.049787068367863944, 0.0024787521766663585, 0.1353352832366127, 0.049787068367863944, 0.01831563888873418, 0.01831563888873418, 0.36787944117144233, 0.0024787521766663585, 0.0024787521766663585, 0.049787068367863944, 0.006737946999085467, 0.1353352832366127, 0.01831563888873418, 0.36787944117144233, 0.1353352832366127] <<



Generation: 4;
Male: Delta - -2.0000;
      Best >> FitnessFunction: 24.0, Gender: M, 
DNA_1: [1, 1, 1, 1, 1, 1, 1, 1, 0, 0, 1, 1, 1, 0, 1, 1, 1, 0, 1, 1, 1, 1, 1, 1, 0, 1, 1, 1, 1, 0, 0, 1]
DNA_2: [1, 0, 0, 0, 0, 1, 1, 1, 1, 0, 0, 1, 1, 1, 1, 0, 0, 1, 0, 1, 0, 1, 0, 0, 1, 0, 1, 1, 0, 0, 1, 1]
Dominance:
Random mapping with probability: 0.5
Phenotype: [1, 1, 0, 0, 1, 1, 1, 1, 1, 0, 1, 1, 1, 0, 1, 0, 1, 0, 0, 1, 1, 1, 1, 1, 1, 1, 1, 1, 1, 0, 0, 1], Recombination probability: [0.1353352832366127, 0.01831563888873418, 0.1353352832366127, 0.049787068367863944, 0.01831563888873418, 0.006737946999085467, 0.01831563888873418, 0.01831563888873418, 0.36787944117144233, 0.0024787521766663585, 0.1353352832366127, 0.1353352832366127, 0.36787944117144233, 0.01831563888873418, 0.36787944117144233, 0.01831563888873418, 0.0024787521766663585, 0.01831563888873418, 0.01831563888873418, 0.36787944117144233, 0.36787944117144233, 0.36787944117144233, 0.1353352832366127, 0.0024787521766663585, 0.01831563888873418, 0.049787068367863944, 0.049787068367863944, 0.36787944117144233, 0.01831563888873418, 0.0024787521766663585, 0.1353352832366127, 0.1353352832366127] <<
Female: Delta - 1.0000
      Best >> FitnessFunction: 23.0, Gender: F, 
DNA_1: [1, 0, 0, 1, 0, 1, 0, 1, 1, 1, 0, 1, 1, 0, 0, 1, 1, 1, 0, 1, 0, 1, 0, 1, 0, 1, 1, 0, 1, 1, 1, 1]
DNA_2: [1, 1, 0, 0, 1, 1, 1, 1, 0, 1, 1, 0, 1, 1, 0, 1, 0, 0, 1, 1, 1, 1, 0, 1, 0, 0, 1, 1, 0, 1, 1, 1]
Dominance:
Random mapping with probability: 0.5
Phenotype: [1, 0, 0, 1, 1, 1, 1, 1, 0, 1, 1, 0, 1, 1, 0, 1, 1, 1, 0, 1, 1, 1, 0, 1, 0, 0, 1, 1, 0, 1, 1, 1], Recombination probability: [0.049787068367863944, 0.01831563888873418, 0.01831563888873418, 0.0024787521766663585, 0.006737946999085467, 0.1353352832366127, 0.0024787521766663585, 0.1353352832366127, 0.01831563888873418, 0.0024787521766663585, 0.006737946999085467, 0.36787944117144233, 0.0024787521766663585, 0.0024787521766663585, 0.36787944117144233, 0.01831563888873418, 0.0024787521766663585, 0.049787068367863944, 0.36787944117144233, 0.006737946999085467, 0.1353352832366127, 0.006737946999085467, 0.01831563888873418, 0.01831563888873418, 0.0024787521766663585, 0.049787068367863944, 0.0024787521766663585, 0.049787068367863944, 0.0024787521766663585, 0.1353352832366127, 0.006737946999085467, 0.0024787521766663585] <<



Generation: 5;
Male: Delta - 0.0000;
      Best >> FitnessFunction: 24.0, Gender: M, 
DNA_1: [1, 1, 1, 1, 1, 0, 1, 1, 0, 1, 0, 1, 0, 1, 1, 1, 1, 1, 1, 1, 1, 0, 1, 1, 1, 0, 0, 1, 0, 1, 1, 0]
DNA_2: [1, 1, 1, 1, 0, 1, 1, 1, 1, 1, 1, 0, 1, 0, 0, 0, 1, 1, 0, 1, 1, 1, 0, 1, 1, 1, 1, 0, 1, 1, 0, 1]
Dominance:
Random mapping with probability: 0.5
Phenotype: [1, 1, 1, 1, 0, 1, 1, 1, 0, 1, 0, 1, 0, 1, 0, 0, 1, 1, 1, 1, 1, 0, 1, 1, 1, 1, 0, 1, 1, 1, 1, 1], Recombination probability: [0.36787944117144233, 0.049787068367863944, 0.006737946999085467, 0.006737946999085467, 0.1353352832366127, 0.01831563888873418, 0.0024787521766663585, 0.049787068367863944, 0.36787944117144233, 0.006737946999085467, 0.01831563888873418, 0.36787944117144233, 0.006737946999085467, 0.049787068367863944, 0.36787944117144233, 0.01831563888873418, 0.049787068367863944, 0.0024787521766663585, 0.0024787521766663585, 0.36787944117144233, 0.01831563888873418, 0.0024787521766663585, 0.049787068367863944, 0.006737946999085467, 0.36787944117144233, 0.1353352832366127, 0.0024787521766663585, 0.0024787521766663585, 0.0024787521766663585, 0.36787944117144233, 0.01831563888873418, 0.0024787521766663585] <<
Female: Delta - 2.0000
      Best >> FitnessFunction: 25.0, Gender: F, 
DNA_1: [1, 1, 1, 1, 1, 0, 0, 1, 0, 0, 1, 1, 1, 0, 0, 0, 1, 1, 1, 1, 0, 1, 0, 1, 1, 1, 0, 1, 1, 1, 1, 0]
DNA_2: [1, 0, 0, 1, 0, 1, 1, 1, 0, 1, 1, 1, 1, 0, 1, 0, 1, 0, 0, 1, 0, 1, 1, 0, 1, 1, 1, 1, 1, 1, 0, 1]
Dominance:
Random mapping with probability: 0.5
Phenotype: [1, 1, 1, 1, 0, 0, 0, 1, 0, 0, 1, 1, 1, 0, 0, 0, 1, 0, 0, 1, 0, 1, 1, 1, 1, 1, 0, 1, 1, 1, 0, 1], Recombination probability: [0.1353352832366127, 0.049787068367863944, 0.006737946999085467, 0.049787068367863944, 0.1353352832366127, 0.01831563888873418, 0.0024787521766663585, 0.36787944117144233, 0.006737946999085467, 0.049787068367863944, 0.049787068367863944, 0.049787068367863944, 0.0024787521766663585, 0.0024787521766663585, 0.049787068367863944, 0.1353352832366127, 0.36787944117144233, 0.006737946999085467, 0.01831563888873418, 0.006737946999085467, 0.0024787521766663585, 0.1353352832366127, 0.01831563888873418, 0.1353352832366127, 0.049787068367863944, 0.01831563888873418, 0.01831563888873418, 0.049787068367863944, 0.1353352832366127, 0.01831563888873418, 0.006737946999085467, 0.0024787521766663585] <<



Generation: 6;
Male: Delta - 0.0000;
      Best >> FitnessFunction: 24.0, Gender: M, 
DNA_1: [1, 1, 0, 1, 1, 1, 0, 1, 0, 1, 1, 1, 0, 0, 1, 1, 1, 1, 1, 1, 1, 1, 1, 1, 0, 1, 1, 1, 1, 0, 0, 1]
DNA_2: [0, 1, 1, 1, 1, 1, 1, 1, 1, 1, 1, 0, 1, 1, 1, 0, 0, 0, 1, 1, 1, 0, 1, 1, 1, 1, 1, 0, 1, 0, 1, 1]
Dominance:
Random mapping with probability: 0.5
Phenotype: [1, 1, 0, 1, 1, 1, 1, 1, 1, 1, 1, 0, 1, 1, 1, 0, 1, 0, 1, 1, 1, 0, 1, 1, 1, 1, 1, 0, 1, 0, 0, 1], Recombination probability: [0.0024787521766663585, 0.01831563888873418, 0.006737946999085467, 0.006737946999085467, 0.0024787521766663585, 0.0024787521766663585, 0.049787068367863944, 0.01831563888873418, 0.006737946999085467, 0.006737946999085467, 0.01831563888873418, 0.049787068367863944, 0.36787944117144233, 0.006737946999085467, 0.049787068367863944, 0.01831563888873418, 0.049787068367863944, 0.0024787521766663585, 0.006737946999085467, 0.049787068367863944, 0.1353352832366127, 0.01831563888873418, 0.049787068367863944, 0.01831563888873418, 0.049787068367863944, 0.1353352832366127, 0.01831563888873418, 0.0024787521766663585, 0.01831563888873418, 0.01831563888873418, 0.36787944117144233, 0.36787944117144233] <<
Female: Delta - -1.0000
      Best >> FitnessFunction: 24.0, Gender: F, 
DNA_1: [0, 0, 0, 0, 1, 0, 1, 1, 1, 1, 0, 1, 1, 0, 1, 0, 1, 1, 1, 0, 0, 0, 1, 0, 1, 1, 1, 1, 1, 0, 1, 0]
DNA_2: [1, 0, 1, 1, 1, 0, 0, 1, 0, 1, 0, 1, 1, 1, 1, 1, 1, 1, 0, 0, 1, 1, 0, 1, 0, 1, 0, 1, 1, 1, 0, 1]
Dominance:
Random mapping with probability: 0.5
Phenotype: [1, 0, 0, 1, 1, 0, 0, 1, 1, 1, 0, 1, 1, 1, 1, 0, 1, 1, 0, 0, 0, 1, 1, 0, 1, 1, 0, 1, 1, 1, 0, 1], Recombination probability: [0.1353352832366127, 0.049787068367863944, 0.01831563888873418, 0.1353352832366127, 0.006737946999085467, 0.1353352832366127, 0.006737946999085467, 0.36787944117144233, 0.1353352832366127, 0.1353352832366127, 0.006737946999085467, 0.006737946999085467, 0.0024787521766663585, 0.049787068367863944, 0.006737946999085467, 0.01831563888873418, 0.01831563888873418, 0.006737946999085467, 0.36787944117144233, 0.006737946999085467, 0.049787068367863944, 0.0024787521766663585, 0.36787944117144233, 0.1353352832366127, 0.36787944117144233, 0.1353352832366127, 0.01831563888873418, 0.01831563888873418, 0.0024787521766663585, 0.01831563888873418, 0.01831563888873418, 0.36787944117144233] <<



Generation: 7;
Male: Delta - 3.0000;
      Best >> FitnessFunction: 27.0, Gender: M, 
DNA_1: [1, 1, 0, 1, 1, 1, 0, 1, 0, 1, 1, 1, 0, 0, 1, 1, 1, 1, 1, 1, 1, 1, 1, 1, 0, 1, 1, 1, 1, 0, 0, 1]
DNA_2: [0, 1, 1, 1, 1, 1, 1, 1, 1, 1, 1, 0, 1, 1, 1, 0, 0, 0, 1, 1, 1, 0, 1, 1, 1, 1, 1, 0, 1, 0, 1, 1]
Dominance:
Random mapping with probability: 0.5
Phenotype: [1, 1, 1, 1, 1, 1, 1, 1, 0, 1, 1, 0, 0, 1, 1, 0, 1, 1, 1, 1, 1, 1, 1, 1, 0, 1, 1, 0, 1, 0, 1, 1], Recombination probability: [0.0024787521766663585, 0.01831563888873418, 0.006737946999085467, 0.006737946999085467, 0.0024787521766663585, 0.0024787521766663585, 0.049787068367863944, 0.01831563888873418, 0.006737946999085467, 0.006737946999085467, 0.01831563888873418, 0.049787068367863944, 0.36787944117144233, 0.006737946999085467, 0.049787068367863944, 0.01831563888873418, 0.049787068367863944, 0.0024787521766663585, 0.006737946999085467, 0.049787068367863944, 0.1353352832366127, 0.01831563888873418, 0.049787068367863944, 0.01831563888873418, 0.049787068367863944, 0.1353352832366127, 0.01831563888873418, 0.0024787521766663585, 0.01831563888873418, 0.01831563888873418, 0.36787944117144233, 0.36787944117144233] <<
Female: Delta - 0.0000
      Best >> FitnessFunction: 24.0, Gender: F, 
DNA_1: [1, 0, 1, 1, 1, 1, 1, 1, 0, 0, 0, 1, 1, 0, 1, 1, 0, 1, 1, 1, 0, 0, 0, 0, 1, 1, 0, 1, 1, 1, 1, 0]
DNA_2: [1, 1, 1, 0, 0, 0, 1, 1, 1, 1, 1, 1, 1, 1, 0, 0, 1, 1, 1, 1, 1, 0, 0, 0, 1, 0, 1, 1, 1, 0, 1, 1]
Dominance:
Random mapping with probability: 0.5
Phenotype: [1, 0, 1, 1, 1, 0, 1, 1, 0, 1, 1, 1, 1, 0, 1, 0, 0, 1, 1, 1, 1, 0, 0, 0, 1, 1, 0, 1, 1, 1, 1, 1], Recombination probability: [0.01831563888873418, 0.006737946999085467, 0.36787944117144233, 0.36787944117144233, 0.1353352832366127, 0.006737946999085467, 0.36787944117144233, 0.0024787521766663585, 0.006737946999085467, 0.36787944117144233, 0.006737946999085467, 0.01831563888873418, 0.0024787521766663585, 0.1353352832366127, 0.1353352832366127, 0.006737946999085467, 0.006737946999085467, 0.0024787521766663585, 0.006737946999085467, 0.01831563888873418, 0.1353352832366127, 0.01831563888873418, 0.36787944117144233, 0.36787944117144233, 0.049787068367863944, 0.006737946999085467, 0.1353352832366127, 0.01831563888873418, 0.006737946999085467, 0.36787944117144233, 0.049787068367863944, 0.0024787521766663585] <<



Generation: 8;
Male: Delta - -2.0000;
      Best >> FitnessFunction: 25.0, Gender: M, 
DNA_1: [1, 1, 1, 1, 0, 1, 1, 1, 1, 0, 1, 1, 1, 0, 1, 1, 1, 0, 1, 1, 1, 1, 1, 1, 0, 1, 1, 1, 1, 0, 0, 1]
DNA_2: [0, 0, 0, 1, 1, 1, 1, 1, 1, 1, 1, 0, 0, 1, 1, 0, 1, 0, 1, 1, 1, 1, 1, 1, 0, 1, 1, 0, 1, 1, 1, 1]
Dominance:
Random mapping with probability: 0.5
Phenotype: [1, 0, 0, 1, 0, 1, 1, 1, 1, 1, 1, 1, 1, 1, 1, 1, 1, 0, 1, 1, 1, 1, 1, 1, 0, 1, 1, 1, 1, 1, 1, 1], Recombination probability: [0.1353352832366127, 0.01831563888873418, 0.1353352832366127, 0.049787068367863944, 0.01831563888873418, 0.006737946999085467, 0.01831563888873418, 0.01831563888873418, 0.36787944117144233, 0.0024787521766663585, 0.1353352832366127, 0.1353352832366127, 0.36787944117144233, 0.01831563888873418, 0.36787944117144233, 0.01831563888873418, 0.0024787521766663585, 0.01831563888873418, 0.01831563888873418, 0.36787944117144233, 0.36787944117144233, 0.36787944117144233, 0.1353352832366127, 0.0024787521766663585, 0.01831563888873418, 0.049787068367863944, 0.049787068367863944, 0.36787944117144233, 0.01831563888873418, 0.0024787521766663585, 0.1353352832366127, 0.1353352832366127] <<
Female: Delta - 4.0000
      Best >> FitnessFunction: 28.0, Gender: F, 
DNA_1: [1, 0, 1, 1, 1, 1, 1, 1, 1, 0, 0, 0, 1, 1, 0, 1, 1, 1, 0, 1, 0, 1, 0, 0, 1, 1, 0, 1, 1, 1, 1, 1]
DNA_2: [1, 1, 0, 0, 0, 1, 0, 1, 0, 1, 1, 1, 0, 0, 1, 1, 1, 0, 1, 1, 1, 1, 1, 1, 1, 1, 0, 1, 1, 1, 1, 1]
Dominance:
Random mapping with probability: 0.5
Phenotype: [1, 0, 1, 1, 0, 1, 0, 1, 1, 0, 1, 0, 1, 1, 1, 1, 1, 1, 0, 1, 0, 1, 1, 1, 1, 1, 0, 1, 1, 1, 1, 1], Recombination probability: [0.1353352832366127, 0.006737946999085467, 0.0024787521766663585, 0.1353352832366127, 0.36787944117144233, 0.01831563888873418, 0.049787068367863944, 0.01831563888873418, 0.1353352832366127, 0.049787068367863944, 0.1353352832366127, 0.006737946999085467, 0.1353352832366127, 0.0024787521766663585, 0.01831563888873418, 0.1353352832366127, 0.0024787521766663585, 0.36787944117144233, 0.006737946999085467, 0.01831563888873418, 0.006737946999085467, 0.01831563888873418, 0.049787068367863944, 0.1353352832366127, 0.049787068367863944, 0.049787068367863944, 0.006737946999085467, 0.006737946999085467, 0.006737946999085467, 0.1353352832366127, 0.0024787521766663585, 0.049787068367863944] <<



Generation: 9;
Male: Delta - 0.0000;
      Best >> FitnessFunction: 25.0, Gender: M, 
DNA_1: [1, 1, 1, 1, 1, 1, 1, 1, 1, 1, 1, 1, 0, 0, 0, 0, 1, 1, 0, 1, 1, 0, 1, 0, 1, 0, 1, 1, 0, 1, 1, 0]
DNA_2: [1, 1, 1, 1, 1, 1, 0, 1, 1, 1, 1, 1, 1, 0, 1, 0, 1, 1, 0, 1, 1, 1, 1, 0, 0, 1, 1, 1, 1, 0, 0, 1]
Dominance:
Random mapping with probability: 0.5
Phenotype: [1, 1, 1, 1, 1, 1, 1, 1, 1, 1, 1, 1, 1, 0, 1, 0, 1, 1, 0, 1, 1, 0, 1, 0, 0, 0, 1, 1, 1, 0, 0, 1], Recombination probability: [0.1353352832366127, 0.01831563888873418, 0.1353352832366127, 0.049787068367863944, 0.01831563888873418, 0.006737946999085467, 0.01831563888873418, 0.01831563888873418, 0.36787944117144233, 0.0024787521766663585, 0.1353352832366127, 0.1353352832366127, 0.36787944117144233, 0.01831563888873418, 0.36787944117144233, 0.01831563888873418, 0.0024787521766663585, 0.01831563888873418, 0.01831563888873418, 0.36787944117144233, 0.36787944117144233, 0.36787944117144233, 0.1353352832366127, 0.0024787521766663585, 0.01831563888873418, 0.049787068367863944, 0.049787068367863944, 0.36787944117144233, 0.01831563888873418, 0.0024787521766663585, 0.1353352832366127, 0.1353352832366127] <<
Female: Delta - -1.0000
      Best >> FitnessFunction: 27.0, Gender: F, 
DNA_1: [1, 1, 1, 1, 1, 0, 1, 1, 1, 1, 0, 1, 0, 1, 1, 1, 1, 1, 1, 1, 1, 1, 1, 1, 1, 1, 0, 1, 0, 1, 1, 0]
DNA_2: [1, 1, 1, 1, 1, 1, 0, 1, 1, 1, 1, 1, 1, 0, 1, 1, 0, 1, 0, 1, 1, 1, 1, 1, 1, 1, 1, 1, 1, 0, 1, 1]
Dominance:
Random mapping with probability: 0.5
Phenotype: [1, 1, 1, 1, 1, 0, 0, 1, 1, 1, 0, 1, 0, 1, 1, 1, 1, 1, 0, 1, 1, 1, 1, 1, 1, 1, 0, 1, 1, 0, 1, 0], Recombination probability: [0.049787068367863944, 0.1353352832366127, 0.36787944117144233, 0.006737946999085467, 0.049787068367863944, 0.1353352832366127, 0.0024787521766663585, 0.0024787521766663585, 0.01831563888873418, 0.01831563888873418, 0.049787068367863944, 0.0024787521766663585, 0.049787068367863944, 0.049787068367863944, 0.0024787521766663585, 0.0024787521766663585, 0.049787068367863944, 0.0024787521766663585, 0.36787944117144233, 0.36787944117144233, 0.1353352832366127, 0.36787944117144233, 0.01831563888873418, 0.1353352832366127, 0.006737946999085467, 0.36787944117144233, 0.049787068367863944, 0.01831563888873418, 0.049787068367863944, 0.0024787521766663585, 0.0024787521766663585, 0.1353352832366127] <<



Generation: 10;
Male: Delta - 0.0000;
      Best >> FitnessFunction: 25.0, Gender: M, 
DNA_1: [1, 0, 0, 1, 1, 0, 1, 1, 1, 1, 1, 0, 0, 0, 1, 1, 0, 0, 0, 1, 1, 1, 1, 1, 1, 1, 1, 1, 1, 0, 1, 1]
DNA_2: [1, 1, 0, 1, 1, 0, 0, 0, 0, 1, 0, 0, 1, 1, 1, 1, 1, 1, 1, 1, 1, 0, 1, 1, 1, 1, 1, 1, 1, 1, 1, 0]
Dominance:
Random mapping with probability: 0.5
Phenotype: [1, 1, 0, 1, 1, 0, 1, 0, 1, 1, 0, 0, 1, 0, 1, 1, 1, 1, 0, 1, 1, 1, 1, 1, 1, 1, 1, 1, 1, 0, 1, 0], Recombination probability: [0.1353352832366127, 0.01831563888873418, 0.1353352832366127, 0.049787068367863944, 0.01831563888873418, 0.006737946999085467, 0.01831563888873418, 0.01831563888873418, 0.36787944117144233, 0.0024787521766663585, 0.1353352832366127, 0.1353352832366127, 0.36787944117144233, 0.01831563888873418, 0.36787944117144233, 0.01831563888873418, 0.0024787521766663585, 0.01831563888873418, 0.01831563888873418, 0.36787944117144233, 0.36787944117144233, 0.36787944117144233, 0.1353352832366127, 0.0024787521766663585, 0.01831563888873418, 0.049787068367863944, 0.049787068367863944, 0.36787944117144233, 0.01831563888873418, 0.0024787521766663585, 0.1353352832366127, 0.1353352832366127] <<
Female: Delta - -1.0000
      Best >> FitnessFunction: 26.0, Gender: F, 
DNA_1: [1, 1, 1, 1, 1, 0, 1, 1, 1, 1, 0, 1, 0, 1, 1, 1, 1, 1, 1, 1, 1, 1, 1, 1, 1, 1, 0, 1, 0, 1, 1, 0]
DNA_2: [1, 1, 1, 1, 1, 1, 0, 1, 1, 1, 1, 1, 1, 0, 1, 1, 0, 1, 0, 1, 1, 1, 1, 1, 1, 1, 1, 1, 1, 0, 1, 1]
Dominance:
Random mapping with probability: 0.5
Phenotype: [1, 1, 1, 1, 1, 0, 1, 1, 1, 1, 0, 1, 0, 0, 1, 1, 0, 1, 1, 1, 1, 1, 1, 1, 1, 1, 0, 1, 1, 1, 1, 0], Recombination probability: [0.049787068367863944, 0.1353352832366127, 0.36787944117144233, 0.006737946999085467, 0.049787068367863944, 0.1353352832366127, 0.0024787521766663585, 0.0024787521766663585, 0.01831563888873418, 0.01831563888873418, 0.049787068367863944, 0.0024787521766663585, 0.049787068367863944, 0.049787068367863944, 0.0024787521766663585, 0.0024787521766663585, 0.049787068367863944, 0.0024787521766663585, 0.36787944117144233, 0.36787944117144233, 0.1353352832366127, 0.36787944117144233, 0.01831563888873418, 0.1353352832366127, 0.006737946999085467, 0.36787944117144233, 0.049787068367863944, 0.01831563888873418, 0.049787068367863944, 0.0024787521766663585, 0.0024787521766663585, 0.1353352832366127] <<



Generation: 11;
Male: Delta - 2.0000;
      Best >> FitnessFunction: 27.0, Gender: M, 
DNA_1: [1, 1, 1, 1, 0, 1, 1, 1, 1, 0, 1, 1, 1, 0, 1, 1, 1, 0, 1, 1, 1, 1, 1, 1, 0, 1, 1, 1, 1, 0, 0, 1]
DNA_2: [0, 0, 0, 1, 1, 1, 1, 1, 1, 1, 1, 0, 0, 1, 1, 0, 1, 0, 1, 1, 1, 1, 1, 1, 0, 1, 1, 0, 1, 1, 1, 1]
Dominance:
Random mapping with probability: 0.5
Phenotype: [1, 0, 1, 1, 0, 1, 1, 1, 1, 0, 1, 0, 1, 1, 1, 1, 1, 0, 1, 1, 1, 1, 1, 1, 0, 1, 1, 1, 1, 0, 0, 1], Recombination probability: [0.1353352832366127, 0.01831563888873418, 0.1353352832366127, 0.049787068367863944, 0.01831563888873418, 0.006737946999085467, 0.01831563888873418, 0.01831563888873418, 0.36787944117144233, 0.0024787521766663585, 0.1353352832366127, 0.1353352832366127, 0.36787944117144233, 0.01831563888873418, 0.36787944117144233, 0.01831563888873418, 0.0024787521766663585, 0.01831563888873418, 0.01831563888873418, 0.36787944117144233, 0.36787944117144233, 0.36787944117144233, 0.1353352832366127, 0.0024787521766663585, 0.01831563888873418, 0.049787068367863944, 0.049787068367863944, 0.36787944117144233, 0.01831563888873418, 0.0024787521766663585, 0.1353352832366127, 0.1353352832366127] <<
Female: Delta - 1.0000
      Best >> FitnessFunction: 27.0, Gender: F, 
DNA_1: [1, 1, 0, 1, 0, 1, 1, 1, 1, 0, 0, 0, 1, 1, 1, 1, 1, 0, 1, 0, 1, 1, 0, 1, 1, 1, 1, 1, 0, 1, 1, 1]
DNA_2: [1, 1, 0, 1, 1, 1, 0, 1, 1, 1, 1, 1, 0, 0, 1, 1, 1, 0, 1, 1, 1, 1, 1, 1, 1, 1, 0, 1, 1, 1, 1, 1]
Dominance:
Random mapping with probability: 0.5
Phenotype: [1, 1, 0, 1, 0, 1, 0, 1, 1, 1, 1, 0, 0, 1, 1, 1, 1, 0, 1, 1, 1, 1, 1, 1, 1, 1, 0, 1, 1, 1, 1, 1], Recombination probability: [0.1353352832366127, 0.006737946999085467, 0.0024787521766663585, 0.1353352832366127, 0.36787944117144233, 0.01831563888873418, 0.049787068367863944, 0.01831563888873418, 0.1353352832366127, 0.049787068367863944, 0.1353352832366127, 0.006737946999085467, 0.1353352832366127, 0.0024787521766663585, 0.01831563888873418, 0.1353352832366127, 0.0024787521766663585, 0.36787944117144233, 0.006737946999085467, 0.01831563888873418, 0.006737946999085467, 0.01831563888873418, 0.049787068367863944, 0.1353352832366127, 0.049787068367863944, 0.049787068367863944, 0.006737946999085467, 0.006737946999085467, 0.006737946999085467, 0.1353352832366127, 0.0024787521766663585, 0.049787068367863944] <<



Generation: 12;
Male: Delta - -1.0000;
      Best >> FitnessFunction: 26.0, Gender: M, 
DNA_1: [1, 1, 1, 1, 0, 1, 1, 1, 1, 0, 1, 1, 1, 0, 1, 1, 1, 0, 1, 1, 1, 1, 1, 1, 0, 1, 1, 1, 1, 0, 0, 1]
DNA_2: [0, 0, 0, 1, 1, 1, 1, 1, 1, 1, 1, 0, 0, 1, 1, 0, 1, 0, 1, 1, 1, 1, 1, 1, 0, 1, 1, 0, 1, 1, 1, 1]
Dominance:
Random mapping with probability: 0.5
Phenotype: [1, 1, 1, 1, 1, 1, 1, 1, 1, 1, 1, 0, 0, 0, 1, 0, 1, 0, 1, 1, 1, 1, 1, 1, 0, 1, 1, 1, 1, 1, 0, 1], Recombination probability: [0.1353352832366127, 0.01831563888873418, 0.1353352832366127, 0.049787068367863944, 0.01831563888873418, 0.006737946999085467, 0.01831563888873418, 0.01831563888873418, 0.36787944117144233, 0.0024787521766663585, 0.1353352832366127, 0.1353352832366127, 0.36787944117144233, 0.01831563888873418, 0.36787944117144233, 0.01831563888873418, 0.0024787521766663585, 0.01831563888873418, 0.01831563888873418, 0.36787944117144233, 0.36787944117144233, 0.36787944117144233, 0.1353352832366127, 0.0024787521766663585, 0.01831563888873418, 0.049787068367863944, 0.049787068367863944, 0.36787944117144233, 0.01831563888873418, 0.0024787521766663585, 0.1353352832366127, 0.1353352832366127] <<
Female: Delta - 0.0000
      Best >> FitnessFunction: 27.0, Gender: F, 
DNA_1: [1, 1, 1, 1, 1, 0, 1, 1, 1, 1, 0, 1, 0, 1, 1, 1, 1, 1, 1, 1, 1, 1, 1, 1, 1, 1, 0, 1, 0, 1, 1, 0]
DNA_2: [1, 1, 1, 1, 1, 1, 0, 1, 1, 1, 1, 1, 1, 0, 1, 1, 0, 1, 0, 1, 1, 1, 1, 1, 1, 1, 1, 1, 1, 0, 1, 1]
Dominance:
Random mapping with probability: 0.5
Phenotype: [1, 1, 1, 1, 1, 0, 1, 1, 1, 1, 0, 1, 0, 1, 1, 1, 1, 1, 0, 1, 1, 1, 1, 1, 1, 1, 0, 1, 0, 1, 1, 1], Recombination probability: [0.049787068367863944, 0.1353352832366127, 0.36787944117144233, 0.006737946999085467, 0.049787068367863944, 0.1353352832366127, 0.0024787521766663585, 0.0024787521766663585, 0.01831563888873418, 0.01831563888873418, 0.049787068367863944, 0.0024787521766663585, 0.049787068367863944, 0.049787068367863944, 0.0024787521766663585, 0.0024787521766663585, 0.049787068367863944, 0.0024787521766663585, 0.36787944117144233, 0.36787944117144233, 0.1353352832366127, 0.36787944117144233, 0.01831563888873418, 0.1353352832366127, 0.006737946999085467, 0.36787944117144233, 0.049787068367863944, 0.01831563888873418, 0.049787068367863944, 0.0024787521766663585, 0.0024787521766663585, 0.1353352832366127] <<



Generation: 13;
Male: Delta - 0.0000;
      Best >> FitnessFunction: 26.0, Gender: M, 
DNA_1: [1, 1, 1, 1, 0, 1, 1, 1, 1, 0, 1, 1, 1, 0, 1, 1, 1, 0, 1, 1, 1, 1, 1, 1, 0, 1, 1, 1, 1, 0, 0, 1]
DNA_2: [0, 0, 0, 1, 1, 1, 1, 1, 1, 1, 1, 0, 0, 1, 1, 0, 1, 0, 1, 1, 1, 1, 1, 1, 0, 1, 1, 0, 1, 1, 1, 1]
Dominance:
Random mapping with probability: 0.5
Phenotype: [0, 1, 0, 1, 1, 1, 1, 1, 1, 0, 1, 1, 1, 1, 1, 0, 1, 0, 1, 1, 1, 1, 1, 1, 0, 1, 1, 0, 1, 0, 0, 1], Recombination probability: [0.1353352832366127, 0.01831563888873418, 0.1353352832366127, 0.049787068367863944, 0.01831563888873418, 0.006737946999085467, 0.01831563888873418, 0.01831563888873418, 0.36787944117144233, 0.0024787521766663585, 0.1353352832366127, 0.1353352832366127, 0.36787944117144233, 0.01831563888873418, 0.36787944117144233, 0.01831563888873418, 0.0024787521766663585, 0.01831563888873418, 0.01831563888873418, 0.36787944117144233, 0.36787944117144233, 0.36787944117144233, 0.1353352832366127, 0.0024787521766663585, 0.01831563888873418, 0.049787068367863944, 0.049787068367863944, 0.36787944117144233, 0.01831563888873418, 0.0024787521766663585, 0.1353352832366127, 0.1353352832366127] <<
Female: Delta - 2.0000
      Best >> FitnessFunction: 29.0, Gender: F, 
DNA_1: [1, 1, 1, 1, 1, 0, 1, 1, 1, 1, 0, 1, 0, 1, 1, 1, 1, 1, 1, 1, 1, 1, 1, 1, 1, 1, 0, 1, 0, 1, 1, 0]
DNA_2: [1, 1, 1, 1, 1, 1, 0, 1, 1, 1, 1, 1, 1, 0, 1, 1, 0, 1, 0, 1, 1, 1, 1, 1, 1, 1, 1, 1, 1, 0, 1, 1]
Dominance:
Random mapping with probability: 0.5
Phenotype: [1, 1, 1, 1, 1, 1, 0, 1, 1, 1, 0, 1, 1, 1, 1, 1, 0, 1, 1, 1, 1, 1, 1, 1, 1, 1, 1, 1, 0, 1, 1, 1], Recombination probability: [0.049787068367863944, 0.1353352832366127, 0.36787944117144233, 0.006737946999085467, 0.049787068367863944, 0.1353352832366127, 0.0024787521766663585, 0.0024787521766663585, 0.01831563888873418, 0.01831563888873418, 0.049787068367863944, 0.0024787521766663585, 0.049787068367863944, 0.049787068367863944, 0.0024787521766663585, 0.0024787521766663585, 0.049787068367863944, 0.0024787521766663585, 0.36787944117144233, 0.36787944117144233, 0.1353352832366127, 0.36787944117144233, 0.01831563888873418, 0.1353352832366127, 0.006737946999085467, 0.36787944117144233, 0.049787068367863944, 0.01831563888873418, 0.049787068367863944, 0.0024787521766663585, 0.0024787521766663585, 0.1353352832366127] <<



Generation: 14;
Male: Delta - 2.0000;
      Best >> FitnessFunction: 28.0, Gender: M, 
DNA_1: [1, 1, 1, 0, 1, 0, 1, 1, 1, 1, 0, 0, 1, 1, 1, 0, 1, 1, 1, 0, 1, 0, 1, 1, 1, 0, 0, 0, 0, 1, 1, 1]
DNA_2: [0, 1, 1, 1, 1, 1, 1, 1, 1, 1, 0, 1, 1, 1, 0, 0, 1, 0, 1, 1, 0, 1, 0, 1, 1, 1, 1, 1, 1, 0, 1, 0]
Dominance:
Random mapping with probability: 0.5
Phenotype: [0, 1, 1, 1, 1, 0, 1, 1, 1, 1, 0, 1, 1, 1, 1, 0, 1, 0, 1, 0, 1, 0, 0, 1, 1, 0, 0, 1, 1, 1, 1, 1], Recombination probability: [0.01831563888873418, 0.01831563888873418, 0.1353352832366127, 0.01831563888873418, 0.049787068367863944, 0.01831563888873418, 0.01831563888873418, 0.36787944117144233, 0.1353352832366127, 0.1353352832366127, 0.01831563888873418, 0.0024787521766663585, 0.01831563888873418, 0.049787068367863944, 0.01831563888873418, 0.006737946999085467, 0.01831563888873418, 0.006737946999085467, 0.049787068367863944, 0.36787944117144233, 0.006737946999085467, 0.0024787521766663585, 0.006737946999085467, 0.36787944117144233, 0.01831563888873418, 0.1353352832366127, 0.006737946999085467, 0.0024787521766663585, 0.006737946999085467, 0.36787944117144233, 0.006737946999085467, 0.01831563888873418] <<
Female: Delta - -1.0000
      Best >> FitnessFunction: 28.0, Gender: F, 
DNA_1: [1, 1, 1, 1, 1, 0, 1, 1, 1, 1, 0, 1, 0, 1, 1, 1, 1, 1, 1, 1, 1, 1, 1, 1, 1, 1, 0, 1, 0, 1, 1, 0]
DNA_2: [1, 1, 1, 1, 1, 1, 0, 1, 1, 1, 1, 1, 1, 0, 1, 1, 0, 1, 0, 1, 1, 1, 1, 1, 1, 1, 1, 1, 1, 0, 1, 1]
Dominance:
Random mapping with probability: 0.5
Phenotype: [1, 1, 1, 1, 1, 1, 1, 1, 1, 1, 1, 1, 1, 1, 1, 1, 1, 1, 1, 1, 1, 1, 1, 1, 1, 1, 0, 1, 0, 0, 1, 1], Recombination probability: [0.049787068367863944, 0.1353352832366127, 0.36787944117144233, 0.006737946999085467, 0.049787068367863944, 0.1353352832366127, 0.0024787521766663585, 0.0024787521766663585, 0.01831563888873418, 0.01831563888873418, 0.049787068367863944, 0.0024787521766663585, 0.049787068367863944, 0.049787068367863944, 0.0024787521766663585, 0.0024787521766663585, 0.049787068367863944, 0.0024787521766663585, 0.36787944117144233, 0.36787944117144233, 0.1353352832366127, 0.36787944117144233, 0.01831563888873418, 0.1353352832366127, 0.006737946999085467, 0.36787944117144233, 0.049787068367863944, 0.01831563888873418, 0.049787068367863944, 0.0024787521766663585, 0.0024787521766663585, 0.1353352832366127] <<



Generation: 15;
Male: Delta - -1.0000;
      Best >> FitnessFunction: 27.0, Gender: M, 
DNA_1: [1, 1, 1, 1, 0, 0, 1, 1, 0, 1, 1, 1, 1, 1, 1, 0, 0, 0, 0, 1, 1, 0, 1, 1, 1, 1, 1, 1, 1, 0, 1, 1]
DNA_2: [1, 1, 0, 1, 1, 0, 1, 0, 0, 1, 1, 1, 1, 1, 1, 1, 1, 0, 0, 0, 0, 1, 1, 0, 1, 1, 1, 1, 1, 1, 1, 0]
Dominance:
Random mapping with probability: 0.5
Phenotype: [1, 1, 0, 1, 1, 0, 1, 1, 0, 1, 1, 1, 1, 1, 1, 1, 1, 0, 0, 1, 0, 0, 1, 0, 1, 1, 1, 1, 1, 1, 1, 0], Recombination probability: [0.049787068367863944, 0.049787068367863944, 0.0024787521766663585, 0.01831563888873418, 0.36787944117144233, 0.01831563888873418, 0.36787944117144233, 0.01831563888873418, 0.1353352832366127, 0.01831563888873418, 0.049787068367863944, 0.006737946999085467, 0.0024787521766663585, 0.006737946999085467, 0.006737946999085467, 0.36787944117144233, 0.0024787521766663585, 0.1353352832366127, 0.01831563888873418, 0.049787068367863944, 0.006737946999085467, 0.36787944117144233, 0.006737946999085467, 0.0024787521766663585, 0.0024787521766663585, 0.049787068367863944, 0.0024787521766663585, 0.049787068367863944, 0.1353352832366127, 0.1353352832366127, 0.006737946999085467, 0.049787068367863944] <<
Female: Delta - 1.0000
      Best >> FitnessFunction: 29.0, Gender: F, 
DNA_1: [1, 1, 1, 1, 1, 0, 1, 1, 1, 1, 0, 1, 0, 1, 1, 1, 1, 1, 1, 1, 1, 1, 1, 1, 1, 1, 0, 1, 0, 1, 1, 0]
DNA_2: [1, 1, 1, 1, 1, 1, 0, 1, 1, 1, 1, 1, 1, 0, 1, 1, 0, 1, 0, 1, 1, 1, 1, 1, 1, 1, 1, 1, 1, 0, 1, 1]
Dominance:
Random mapping with probability: 0.5
Phenotype: [1, 1, 1, 1, 1, 0, 0, 1, 1, 1, 1, 1, 1, 1, 1, 1, 0, 1, 1, 1, 1, 1, 1, 1, 1, 1, 1, 1, 0, 1, 1, 1], Recombination probability: [0.049787068367863944, 0.1353352832366127, 0.36787944117144233, 0.006737946999085467, 0.049787068367863944, 0.1353352832366127, 0.0024787521766663585, 0.0024787521766663585, 0.01831563888873418, 0.01831563888873418, 0.049787068367863944, 0.0024787521766663585, 0.049787068367863944, 0.049787068367863944, 0.0024787521766663585, 0.0024787521766663585, 0.049787068367863944, 0.0024787521766663585, 0.36787944117144233, 0.36787944117144233, 0.1353352832366127, 0.36787944117144233, 0.01831563888873418, 0.1353352832366127, 0.006737946999085467, 0.36787944117144233, 0.049787068367863944, 0.01831563888873418, 0.049787068367863944, 0.0024787521766663585, 0.0024787521766663585, 0.1353352832366127] <<



Generation: 16;
Male: Delta - 1.0000;
      Best >> FitnessFunction: 28.0, Gender: M, 
DNA_1: [0, 1, 1, 1, 1, 0, 1, 1, 1, 1, 1, 1, 1, 1, 1, 0, 0, 0, 1, 1, 1, 0, 1, 1, 1, 1, 1, 0, 1, 1, 0, 0]
DNA_2: [1, 1, 0, 1, 1, 0, 1, 1, 1, 1, 0, 1, 1, 0, 1, 1, 1, 1, 1, 1, 1, 1, 1, 1, 1, 1, 1, 1, 0, 1, 0, 0]
Dominance:
Random mapping with probability: 0.5
Phenotype: [1, 1, 1, 1, 1, 0, 1, 1, 1, 1, 0, 1, 1, 0, 1, 0, 0, 1, 1, 1, 1, 0, 1, 1, 1, 1, 1, 0, 0, 1, 0, 0], Recombination probability: [0.1353352832366127, 0.01831563888873418, 0.1353352832366127, 0.049787068367863944, 0.01831563888873418, 0.006737946999085467, 0.01831563888873418, 0.01831563888873418, 0.36787944117144233, 0.0024787521766663585, 0.1353352832366127, 0.1353352832366127, 0.36787944117144233, 0.01831563888873418, 0.36787944117144233, 0.01831563888873418, 0.0024787521766663585, 0.01831563888873418, 0.01831563888873418, 0.36787944117144233, 0.36787944117144233, 0.36787944117144233, 0.1353352832366127, 0.0024787521766663585, 0.01831563888873418, 0.049787068367863944, 0.049787068367863944, 0.36787944117144233, 0.01831563888873418, 0.0024787521766663585, 0.1353352832366127, 0.1353352832366127] <<
Female: Delta - -2.0000
      Best >> FitnessFunction: 27.0, Gender: F, 
DNA_1: [1, 1, 1, 1, 1, 1, 1, 1, 0, 1, 1, 1, 1, 1, 1, 1, 0, 1, 0, 0, 1, 1, 1, 1, 1, 1, 0, 1, 1, 0, 1, 1]
DNA_2: [1, 1, 1, 1, 1, 0, 0, 1, 1, 0, 0, 1, 1, 1, 1, 1, 1, 1, 0, 1, 1, 1, 1, 1, 1, 1, 0, 1, 0, 1, 1, 1]
Dominance:
Random mapping with probability: 0.5
Phenotype: [1, 1, 1, 1, 1, 1, 1, 1, 1, 0, 1, 1, 1, 1, 1, 1, 0, 1, 0, 0, 1, 1, 1, 1, 1, 1, 0, 1, 0, 1, 1, 1], Recombination probability: [0.049787068367863944, 0.1353352832366127, 0.36787944117144233, 0.006737946999085467, 0.049787068367863944, 0.1353352832366127, 0.0024787521766663585, 0.0024787521766663585, 0.01831563888873418, 0.01831563888873418, 0.049787068367863944, 0.0024787521766663585, 0.049787068367863944, 0.049787068367863944, 0.0024787521766663585, 0.0024787521766663585, 0.049787068367863944, 0.0024787521766663585, 0.36787944117144233, 0.36787944117144233, 0.1353352832366127, 0.36787944117144233, 0.01831563888873418, 0.1353352832366127, 0.006737946999085467, 0.36787944117144233, 0.049787068367863944, 0.01831563888873418, 0.049787068367863944, 0.0024787521766663585, 0.0024787521766663585, 0.1353352832366127] <<



Generation: 17;
Male: Delta - -1.0000;
      Best >> FitnessFunction: 27.0, Gender: M, 
DNA_1: [1, 0, 1, 1, 1, 0, 1, 1, 1, 1, 0, 1, 1, 1, 0, 0, 1, 1, 1, 1, 1, 1, 1, 1, 1, 1, 1, 1, 1, 0, 1, 1]
DNA_2: [0, 0, 0, 1, 1, 1, 0, 1, 0, 0, 0, 1, 1, 1, 0, 0, 0, 1, 1, 1, 0, 1, 0, 0, 1, 1, 1, 1, 1, 1, 1, 0]
Dominance:
Random mapping with probability: 0.5
Phenotype: [1, 0, 0, 1, 1, 0, 0, 1, 1, 1, 0, 1, 1, 1, 0, 0, 1, 1, 1, 1, 0, 1, 1, 0, 1, 1, 1, 1, 1, 1, 1, 1], Recombination probability: [0.0024787521766663585, 0.01831563888873418, 0.006737946999085467, 0.006737946999085467, 0.0024787521766663585, 0.0024787521766663585, 0.049787068367863944, 0.01831563888873418, 0.006737946999085467, 0.006737946999085467, 0.01831563888873418, 0.049787068367863944, 0.36787944117144233, 0.006737946999085467, 0.049787068367863944, 0.01831563888873418, 0.049787068367863944, 0.0024787521766663585, 0.006737946999085467, 0.049787068367863944, 0.1353352832366127, 0.01831563888873418, 0.049787068367863944, 0.01831563888873418, 0.049787068367863944, 0.1353352832366127, 0.01831563888873418, 0.0024787521766663585, 0.01831563888873418, 0.01831563888873418, 0.36787944117144233, 0.36787944117144233] <<
Female: Delta - 1.0000
      Best >> FitnessFunction: 28.0, Gender: F, 
DNA_1: [1, 1, 1, 1, 1, 0, 0, 0, 0, 0, 1, 1, 1, 1, 1, 1, 0, 1, 1, 1, 1, 1, 1, 1, 1, 1, 1, 1, 1, 0, 1, 1]
DNA_2: [1, 1, 1, 1, 1, 1, 0, 1, 1, 1, 1, 1, 1, 0, 1, 1, 0, 1, 0, 1, 1, 1, 1, 1, 1, 1, 1, 1, 1, 0, 1, 1]
Dominance:
Random mapping with probability: 0.5
Phenotype: [1, 1, 1, 1, 1, 1, 0, 1, 1, 0, 1, 1, 1, 0, 1, 1, 0, 1, 1, 1, 1, 1, 1, 1, 1, 1, 1, 1, 1, 0, 1, 1], Recombination probability: [0.049787068367863944, 0.1353352832366127, 0.36787944117144233, 0.006737946999085467, 0.049787068367863944, 0.1353352832366127, 0.0024787521766663585, 0.0024787521766663585, 0.01831563888873418, 0.01831563888873418, 0.049787068367863944, 0.0024787521766663585, 0.049787068367863944, 0.049787068367863944, 0.0024787521766663585, 0.0024787521766663585, 0.049787068367863944, 0.0024787521766663585, 0.36787944117144233, 0.36787944117144233, 0.1353352832366127, 0.36787944117144233, 0.01831563888873418, 0.1353352832366127, 0.006737946999085467, 0.36787944117144233, 0.049787068367863944, 0.01831563888873418, 0.049787068367863944, 0.0024787521766663585, 0.0024787521766663585, 0.1353352832366127] <<



Generation: 18;
Male: Delta - 1.0000;
      Best >> FitnessFunction: 28.0, Gender: M, 
DNA_1: [0, 1, 1, 1, 1, 0, 1, 1, 1, 1, 0, 1, 1, 1, 1, 0, 1, 1, 1, 1, 1, 1, 0, 1, 1, 1, 1, 1, 1, 1, 0, 0]
DNA_2: [1, 1, 0, 1, 1, 1, 0, 1, 0, 1, 1, 1, 1, 0, 0, 1, 0, 1, 0, 1, 1, 0, 1, 1, 1, 1, 1, 1, 1, 0, 1, 1]
Dominance:
Random mapping with probability: 0.5
Phenotype: [1, 1, 1, 1, 1, 0, 0, 1, 0, 1, 1, 1, 1, 0, 0, 1, 0, 1, 1, 1, 1, 0, 0, 1, 1, 1, 1, 1, 1, 0, 0, 1], Recombination probability: [0.1353352832366127, 0.01831563888873418, 0.1353352832366127, 0.049787068367863944, 0.01831563888873418, 0.006737946999085467, 0.01831563888873418, 0.01831563888873418, 0.36787944117144233, 0.0024787521766663585, 0.1353352832366127, 0.1353352832366127, 0.36787944117144233, 0.01831563888873418, 0.36787944117144233, 0.01831563888873418, 0.0024787521766663585, 0.01831563888873418, 0.01831563888873418, 0.36787944117144233, 0.36787944117144233, 0.36787944117144233, 0.1353352832366127, 0.0024787521766663585, 0.01831563888873418, 0.049787068367863944, 0.049787068367863944, 0.36787944117144233, 0.01831563888873418, 0.0024787521766663585, 0.1353352832366127, 0.1353352832366127] <<
Female: Delta - 1.0000
      Best >> FitnessFunction: 29.0, Gender: F, 
DNA_1: [1, 0, 1, 0, 1, 1, 1, 1, 1, 1, 0, 1, 1, 1, 0, 0, 1, 1, 1, 1, 0, 1, 0, 0, 1, 1, 1, 1, 1, 0, 1, 1]
DNA_2: [1, 1, 1, 1, 1, 0, 1, 1, 1, 1, 1, 1, 1, 1, 1, 1, 1, 1, 1, 1, 1, 1, 0, 1, 1, 1, 0, 1, 0, 1, 1, 0]
Dominance:
Random mapping with probability: 0.5
Phenotype: [1, 0, 1, 1, 1, 0, 1, 1, 1, 1, 0, 1, 1, 1, 1, 1, 1, 1, 1, 1, 1, 1, 0, 1, 1, 1, 0, 1, 0, 1, 1, 0], Recombination probability: [0.049787068367863944, 0.1353352832366127, 0.36787944117144233, 0.006737946999085467, 0.049787068367863944, 0.1353352832366127, 0.0024787521766663585, 0.0024787521766663585, 0.01831563888873418, 0.01831563888873418, 0.049787068367863944, 0.0024787521766663585, 0.049787068367863944, 0.049787068367863944, 0.0024787521766663585, 0.0024787521766663585, 0.049787068367863944, 0.0024787521766663585, 0.36787944117144233, 0.36787944117144233, 0.1353352832366127, 0.36787944117144233, 0.01831563888873418, 0.1353352832366127, 0.006737946999085467, 0.36787944117144233, 0.049787068367863944, 0.01831563888873418, 0.049787068367863944, 0.0024787521766663585, 0.0024787521766663585, 0.1353352832366127] <<



Generation: 19;
Male: Delta - 0.0000;
      Best >> FitnessFunction: 28.0, Gender: M, 
DNA_1: [0, 1, 1, 1, 1, 0, 1, 1, 1, 1, 0, 1, 1, 1, 1, 0, 1, 1, 1, 1, 1, 1, 0, 1, 1, 1, 1, 1, 1, 1, 0, 0]
DNA_2: [1, 1, 0, 1, 1, 1, 0, 1, 0, 1, 1, 1, 1, 0, 0, 1, 0, 1, 0, 1, 1, 0, 1, 1, 1, 1, 1, 1, 1, 0, 1, 1]
Dominance:
Random mapping with probability: 0.5
Phenotype: [0, 1, 1, 1, 1, 0, 1, 1, 1, 1, 1, 1, 1, 1, 1, 0, 1, 1, 1, 1, 1, 0, 0, 1, 1, 1, 1, 1, 1, 0, 0, 0], Recombination probability: [0.1353352832366127, 0.01831563888873418, 0.1353352832366127, 0.049787068367863944, 0.01831563888873418, 0.006737946999085467, 0.01831563888873418, 0.01831563888873418, 0.36787944117144233, 0.0024787521766663585, 0.1353352832366127, 0.1353352832366127, 0.36787944117144233, 0.01831563888873418, 0.36787944117144233, 0.01831563888873418, 0.0024787521766663585, 0.01831563888873418, 0.01831563888873418, 0.36787944117144233, 0.36787944117144233, 0.36787944117144233, 0.1353352832366127, 0.0024787521766663585, 0.01831563888873418, 0.049787068367863944, 0.049787068367863944, 0.36787944117144233, 0.01831563888873418, 0.0024787521766663585, 0.1353352832366127, 0.1353352832366127] <<
Female: Delta - -1.0000
      Best >> FitnessFunction: 28.0, Gender: F, 
DNA_1: [0, 1, 1, 1, 1, 0, 0, 1, 1, 1, 1, 1, 1, 1, 1, 1, 1, 1, 1, 1, 1, 0, 1, 1, 1, 1, 1, 0, 1, 0, 1, 1]
DNA_2: [1, 1, 1, 1, 1, 0, 1, 1, 1, 1, 1, 1, 0, 1, 1, 1, 1, 1, 1, 1, 1, 1, 0, 1, 1, 1, 1, 1, 0, 1, 0, 0]
Dominance:
Random mapping with probability: 0.5
Phenotype: [1, 1, 1, 1, 1, 0, 0, 1, 1, 1, 1, 1, 1, 1, 1, 1, 1, 1, 1, 1, 1, 1, 1, 1, 1, 1, 1, 1, 1, 1, 0, 1], Recombination probability: [0.0024787521766663585, 0.006737946999085467, 0.049787068367863944, 0.1353352832366127, 0.1353352832366127, 0.1353352832366127, 0.01831563888873418, 0.1353352832366127, 0.1353352832366127, 0.1353352832366127, 0.01831563888873418, 0.01831563888873418, 0.01831563888873418, 0.01831563888873418, 0.049787068367863944, 0.049787068367863944, 0.1353352832366127, 0.01831563888873418, 0.01831563888873418, 0.049787068367863944, 0.0024787521766663585, 0.1353352832366127, 0.36787944117144233, 0.049787068367863944, 0.0024787521766663585, 0.006737946999085467, 0.1353352832366127, 0.006737946999085467, 0.0024787521766663585, 0.36787944117144233, 0.0024787521766663585, 0.006737946999085467] <<



Generation: 20;
Male: Delta - 0.0000;
      Best >> FitnessFunction: 28.0, Gender: M, 
DNA_1: [1, 1, 1, 1, 1, 1, 1, 1, 1, 1, 1, 0, 0, 1, 1, 1, 1, 1, 1, 1, 1, 1, 0, 1, 0, 1, 1, 1, 0, 1, 1, 0]
DNA_2: [1, 1, 0, 1, 0, 1, 1, 0, 0, 1, 1, 1, 1, 1, 1, 0, 1, 1, 1, 0, 1, 1, 1, 1, 1, 1, 0, 1, 1, 1, 1, 1]
Dominance:
Random mapping with probability: 0.5
Phenotype: [1, 1, 0, 1, 0, 1, 1, 0, 0, 1, 1, 0, 0, 1, 1, 1, 1, 1, 1, 0, 1, 1, 0, 1, 0, 1, 1, 1, 1, 1, 1, 0], Recombination probability: [0.1353352832366127, 0.01831563888873418, 0.1353352832366127, 0.049787068367863944, 0.01831563888873418, 0.006737946999085467, 0.01831563888873418, 0.01831563888873418, 0.36787944117144233, 0.0024787521766663585, 0.1353352832366127, 0.1353352832366127, 0.36787944117144233, 0.01831563888873418, 0.36787944117144233, 0.01831563888873418, 0.0024787521766663585, 0.01831563888873418, 0.01831563888873418, 0.36787944117144233, 0.36787944117144233, 0.36787944117144233, 0.1353352832366127, 0.0024787521766663585, 0.01831563888873418, 0.049787068367863944, 0.049787068367863944, 0.36787944117144233, 0.01831563888873418, 0.0024787521766663585, 0.1353352832366127, 0.1353352832366127] <<
Female: Delta - 1.0000
      Best >> FitnessFunction: 29.0, Gender: F, 
DNA_1: [0, 1, 0, 1, 1, 0, 1, 1, 1, 1, 0, 1, 0, 1, 1, 1, 1, 0, 1, 1, 1, 0, 1, 1, 1, 1, 1, 1, 0, 1, 1, 1]
DNA_2: [1, 1, 1, 1, 1, 1, 1, 1, 0, 1, 1, 1, 1, 1, 1, 1, 0, 1, 0, 0, 1, 1, 1, 1, 1, 1, 0, 1, 1, 0, 1, 1]
Dominance:
Random mapping with probability: 0.5
Phenotype: [0, 1, 0, 1, 1, 1, 1, 1, 0, 1, 0, 1, 1, 1, 1, 1, 0, 0, 1, 1, 1, 0, 1, 1, 1, 1, 1, 1, 1, 0, 1, 1], Recombination probability: [0.049787068367863944, 0.1353352832366127, 0.36787944117144233, 0.006737946999085467, 0.049787068367863944, 0.1353352832366127, 0.0024787521766663585, 0.0024787521766663585, 0.01831563888873418, 0.01831563888873418, 0.049787068367863944, 0.0024787521766663585, 0.049787068367863944, 0.049787068367863944, 0.0024787521766663585, 0.0024787521766663585, 0.049787068367863944, 0.0024787521766663585, 0.36787944117144233, 0.36787944117144233, 0.1353352832366127, 0.36787944117144233, 0.01831563888873418, 0.1353352832366127, 0.006737946999085467, 0.36787944117144233, 0.049787068367863944, 0.01831563888873418, 0.049787068367863944, 0.0024787521766663585, 0.0024787521766663585, 0.1353352832366127] <<



Generation: 21;
Male: Delta - -1.0000;
      Best >> FitnessFunction: 27.0, Gender: M, 
DNA_1: [1, 1, 1, 1, 1, 1, 0, 1, 0, 1, 1, 1, 1, 0, 1, 1, 0, 1, 1, 1, 1, 0, 1, 1, 1, 1, 1, 1, 1, 0, 1, 1]
DNA_2: [1, 1, 1, 1, 0, 1, 1, 1, 0, 0, 1, 1, 0, 1, 1, 1, 1, 1, 1, 1, 1, 1, 1, 1, 1, 1, 0, 1, 0, 1, 1, 1]
Dominance:
Random mapping with probability: 0.5
Phenotype: [1, 1, 1, 1, 0, 1, 1, 1, 0, 0, 1, 1, 0, 0, 1, 1, 0, 1, 1, 1, 1, 0, 1, 1, 1, 1, 1, 1, 0, 1, 1, 1], Recombination probability: [0.1353352832366127, 0.01831563888873418, 0.1353352832366127, 0.049787068367863944, 0.01831563888873418, 0.006737946999085467, 0.01831563888873418, 0.01831563888873418, 0.36787944117144233, 0.0024787521766663585, 0.1353352832366127, 0.1353352832366127, 0.36787944117144233, 0.01831563888873418, 0.36787944117144233, 0.01831563888873418, 0.0024787521766663585, 0.01831563888873418, 0.01831563888873418, 0.36787944117144233, 0.36787944117144233, 0.36787944117144233, 0.1353352832366127, 0.0024787521766663585, 0.01831563888873418, 0.049787068367863944, 0.049787068367863944, 0.36787944117144233, 0.01831563888873418, 0.0024787521766663585, 0.1353352832366127, 0.1353352832366127] <<
Female: Delta - 0.0000
      Best >> FitnessFunction: 29.0, Gender: F, 
DNA_1: [1, 1, 1, 1, 1, 0, 1, 1, 1, 1, 0, 1, 0, 1, 1, 1, 1, 1, 1, 1, 1, 1, 1, 1, 1, 1, 0, 1, 0, 1, 1, 0]
DNA_2: [1, 1, 1, 1, 1, 1, 0, 1, 1, 1, 1, 1, 1, 0, 1, 1, 0, 1, 0, 1, 1, 1, 1, 1, 1, 1, 1, 1, 1, 0, 1, 1]
Dominance:
Random mapping with probability: 0.5
Phenotype: [1, 1, 1, 1, 1, 1, 0, 1, 1, 1, 1, 1, 0, 0, 1, 1, 0, 1, 1, 1, 1, 1, 1, 1, 1, 1, 0, 1, 0, 1, 1, 0], Recombination probability: [0.049787068367863944, 0.1353352832366127, 0.36787944117144233, 0.006737946999085467, 0.049787068367863944, 0.1353352832366127, 0.0024787521766663585, 0.0024787521766663585, 0.01831563888873418, 0.01831563888873418, 0.049787068367863944, 0.0024787521766663585, 0.049787068367863944, 0.049787068367863944, 0.0024787521766663585, 0.0024787521766663585, 0.049787068367863944, 0.0024787521766663585, 0.36787944117144233, 0.36787944117144233, 0.1353352832366127, 0.36787944117144233, 0.01831563888873418, 0.1353352832366127, 0.006737946999085467, 0.36787944117144233, 0.049787068367863944, 0.01831563888873418, 0.049787068367863944, 0.0024787521766663585, 0.0024787521766663585, 0.1353352832366127] <<



Generation: 22;
Male: Delta - 2.0000;
      Best >> FitnessFunction: 29.0, Gender: M, 
DNA_1: [1, 1, 1, 1, 0, 1, 0, 1, 1, 1, 1, 1, 1, 1, 1, 1, 1, 1, 1, 1, 1, 1, 0, 1, 1, 1, 0, 1, 0, 1, 1, 1]
DNA_2: [1, 1, 1, 0, 1, 1, 1, 1, 1, 1, 1, 1, 0, 1, 1, 0, 1, 1, 0, 1, 0, 1, 1, 1, 1, 1, 1, 1, 1, 1, 1, 1]
Dominance:
Random mapping with probability: 0.5
Phenotype: [1, 1, 1, 0, 0, 1, 0, 1, 1, 1, 1, 1, 0, 1, 1, 0, 1, 1, 1, 1, 0, 1, 0, 1, 1, 1, 1, 1, 1, 1, 1, 1], Recombination probability: [0.049787068367863944, 0.1353352832366127, 0.0024787521766663585, 0.36787944117144233, 0.0024787521766663585, 0.0024787521766663585, 0.36787944117144233, 0.049787068367863944, 0.01831563888873418, 0.049787068367863944, 0.049787068367863944, 0.36787944117144233, 0.01831563888873418, 0.36787944117144233, 0.006737946999085467, 0.006737946999085467, 0.0024787521766663585, 0.006737946999085467, 0.0024787521766663585, 0.36787944117144233, 0.006737946999085467, 0.006737946999085467, 0.006737946999085467, 0.1353352832366127, 0.01831563888873418, 0.01831563888873418, 0.0024787521766663585, 0.1353352832366127, 0.006737946999085467, 0.0024787521766663585, 0.0024787521766663585, 0.1353352832366127] <<
Female: Delta - -1.0000
      Best >> FitnessFunction: 28.0, Gender: F, 
DNA_1: [1, 1, 1, 1, 1, 0, 1, 1, 1, 1, 0, 1, 0, 1, 1, 1, 1, 1, 1, 1, 1, 1, 1, 1, 1, 1, 0, 1, 0, 1, 1, 0]
DNA_2: [1, 1, 1, 1, 1, 1, 0, 1, 1, 1, 1, 1, 1, 0, 1, 1, 0, 1, 0, 1, 1, 1, 1, 1, 1, 1, 1, 1, 1, 0, 1, 1]
Dominance:
Random mapping with probability: 0.5
Phenotype: [1, 1, 1, 1, 1, 1, 1, 1, 1, 1, 0, 1, 1, 1, 1, 1, 0, 1, 1, 1, 1, 1, 1, 1, 1, 1, 1, 1, 0, 0, 1, 0], Recombination probability: [0.049787068367863944, 0.1353352832366127, 0.36787944117144233, 0.006737946999085467, 0.049787068367863944, 0.1353352832366127, 0.0024787521766663585, 0.0024787521766663585, 0.01831563888873418, 0.01831563888873418, 0.049787068367863944, 0.0024787521766663585, 0.049787068367863944, 0.049787068367863944, 0.0024787521766663585, 0.0024787521766663585, 0.049787068367863944, 0.0024787521766663585, 0.36787944117144233, 0.36787944117144233, 0.1353352832366127, 0.36787944117144233, 0.01831563888873418, 0.1353352832366127, 0.006737946999085467, 0.36787944117144233, 0.049787068367863944, 0.01831563888873418, 0.049787068367863944, 0.0024787521766663585, 0.0024787521766663585, 0.1353352832366127] <<



Generation: 23;
Male: Delta - 0.0000;
      Best >> FitnessFunction: 29.0, Gender: M, 
DNA_1: [1, 1, 1, 1, 1, 0, 1, 1, 1, 1, 1, 1, 0, 1, 1, 1, 0, 0, 0, 1, 1, 1, 1, 1, 1, 1, 0, 1, 1, 0, 1, 1]
DNA_2: [1, 1, 1, 1, 1, 1, 0, 1, 1, 1, 1, 0, 1, 1, 1, 1, 0, 1, 1, 0, 1, 1, 1, 1, 1, 1, 1, 1, 1, 0, 1, 1]
Dominance:
Random mapping with probability: 0.5
Phenotype: [1, 1, 1, 1, 1, 1, 0, 1, 1, 1, 1, 0, 1, 1, 1, 1, 0, 0, 0, 1, 1, 1, 1, 1, 1, 1, 0, 1, 1, 0, 1, 1], Recombination probability: [0.049787068367863944, 0.1353352832366127, 0.0024787521766663585, 0.36787944117144233, 0.0024787521766663585, 0.0024787521766663585, 0.36787944117144233, 0.049787068367863944, 0.01831563888873418, 0.049787068367863944, 0.049787068367863944, 0.36787944117144233, 0.01831563888873418, 0.36787944117144233, 0.006737946999085467, 0.006737946999085467, 0.0024787521766663585, 0.006737946999085467, 0.0024787521766663585, 0.36787944117144233, 0.006737946999085467, 0.006737946999085467, 0.006737946999085467, 0.1353352832366127, 0.01831563888873418, 0.01831563888873418, 0.0024787521766663585, 0.1353352832366127, 0.006737946999085467, 0.0024787521766663585, 0.0024787521766663585, 0.1353352832366127] <<
Female: Delta - 0.0000
      Best >> FitnessFunction: 28.0, Gender: F, 
DNA_1: [1, 0, 1, 1, 0, 1, 0, 1, 1, 1, 1, 1, 0, 1, 1, 0, 1, 1, 1, 1, 1, 1, 0, 1, 0, 1, 1, 1, 0, 1, 1, 0]
DNA_2: [1, 0, 1, 1, 1, 1, 1, 1, 1, 1, 1, 1, 1, 0, 1, 1, 1, 1, 1, 1, 1, 1, 1, 1, 1, 1, 1, 1, 1, 1, 1, 1]
Dominance:
Random mapping with probability: 0.5
Phenotype: [1, 0, 1, 1, 1, 1, 1, 1, 1, 1, 1, 1, 0, 0, 1, 1, 1, 1, 1, 1, 1, 1, 1, 1, 1, 1, 1, 1, 0, 1, 1, 1], Recombination probability: [0.1353352832366127, 0.006737946999085467, 0.0024787521766663585, 0.1353352832366127, 0.36787944117144233, 0.01831563888873418, 0.049787068367863944, 0.01831563888873418, 0.1353352832366127, 0.049787068367863944, 0.1353352832366127, 0.006737946999085467, 0.1353352832366127, 0.0024787521766663585, 0.01831563888873418, 0.1353352832366127, 0.0024787521766663585, 0.36787944117144233, 0.006737946999085467, 0.01831563888873418, 0.006737946999085467, 0.01831563888873418, 0.049787068367863944, 0.1353352832366127, 0.049787068367863944, 0.049787068367863944, 0.006737946999085467, 0.006737946999085467, 0.006737946999085467, 0.1353352832366127, 0.0024787521766663585, 0.049787068367863944] <<



Generation: 24;
Male: Delta - 0.0000;
      Best >> FitnessFunction: 29.0, Gender: M, 
DNA_1: [1, 1, 1, 1, 0, 1, 0, 1, 1, 1, 1, 1, 1, 1, 1, 1, 1, 1, 1, 1, 1, 1, 0, 1, 1, 1, 0, 1, 0, 1, 1, 1]
DNA_2: [1, 1, 1, 0, 1, 1, 1, 1, 1, 1, 1, 1, 0, 1, 1, 0, 1, 1, 0, 1, 0, 1, 1, 1, 1, 1, 1, 1, 1, 1, 1, 1]
Dominance:
Random mapping with probability: 0.5
Phenotype: [1, 1, 1, 1, 1, 1, 1, 1, 1, 1, 1, 1, 0, 1, 1, 1, 1, 1, 1, 1, 1, 1, 0, 1, 1, 1, 0, 1, 0, 1, 1, 1], Recombination probability: [0.049787068367863944, 0.1353352832366127, 0.0024787521766663585, 0.36787944117144233, 0.0024787521766663585, 0.0024787521766663585, 0.36787944117144233, 0.049787068367863944, 0.01831563888873418, 0.049787068367863944, 0.049787068367863944, 0.36787944117144233, 0.01831563888873418, 0.36787944117144233, 0.006737946999085467, 0.006737946999085467, 0.0024787521766663585, 0.006737946999085467, 0.0024787521766663585, 0.36787944117144233, 0.006737946999085467, 0.006737946999085467, 0.006737946999085467, 0.1353352832366127, 0.01831563888873418, 0.01831563888873418, 0.0024787521766663585, 0.1353352832366127, 0.006737946999085467, 0.0024787521766663585, 0.0024787521766663585, 0.1353352832366127] <<
Female: Delta - 2.0000
      Best >> FitnessFunction: 30.0, Gender: F, 
DNA_1: [0, 1, 0, 1, 1, 1, 1, 1, 0, 0, 0, 1, 1, 0, 1, 1, 0, 1, 1, 1, 1, 1, 1, 1, 1, 1, 0, 1, 1, 1, 0, 1]
DNA_2: [1, 0, 1, 1, 1, 1, 1, 1, 1, 1, 1, 1, 1, 0, 1, 1, 1, 1, 1, 1, 1, 1, 1, 1, 1, 1, 1, 1, 1, 1, 1, 1]
Dominance:
Random mapping with probability: 0.5
Phenotype: [1, 1, 1, 1, 1, 1, 1, 1, 1, 1, 0, 1, 1, 0, 1, 1, 0, 1, 1, 1, 1, 1, 1, 1, 1, 1, 1, 1, 1, 1, 1, 1], Recombination probability: [0.1353352832366127, 0.006737946999085467, 0.0024787521766663585, 0.1353352832366127, 0.36787944117144233, 0.01831563888873418, 0.049787068367863944, 0.01831563888873418, 0.1353352832366127, 0.049787068367863944, 0.1353352832366127, 0.006737946999085467, 0.1353352832366127, 0.0024787521766663585, 0.01831563888873418, 0.1353352832366127, 0.0024787521766663585, 0.36787944117144233, 0.006737946999085467, 0.01831563888873418, 0.006737946999085467, 0.01831563888873418, 0.049787068367863944, 0.1353352832366127, 0.049787068367863944, 0.049787068367863944, 0.006737946999085467, 0.006737946999085467, 0.006737946999085467, 0.1353352832366127, 0.0024787521766663585, 0.049787068367863944] <<



Generation: 25;
Male: Delta - 0.0000;
      Best >> FitnessFunction: 29.0, Gender: M, 
DNA_1: [1, 0, 1, 1, 1, 1, 1, 1, 1, 1, 1, 1, 1, 1, 1, 1, 1, 1, 1, 1, 1, 1, 1, 1, 1, 1, 0, 0, 1, 0, 0, 1]
DNA_2: [0, 0, 1, 1, 0, 0, 1, 1, 1, 0, 1, 1, 1, 1, 0, 0, 1, 0, 1, 1, 1, 1, 1, 1, 1, 0, 1, 1, 0, 1, 1, 1]
Dominance:
Random mapping with probability: 0.5
Phenotype: [0, 0, 1, 1, 1, 0, 1, 1, 1, 0, 1, 1, 1, 1, 0, 0, 1, 0, 1, 1, 1, 1, 1, 1, 1, 0, 0, 0, 1, 0, 0, 1], Recombination probability: [0.049787068367863944, 0.1353352832366127, 0.0024787521766663585, 0.36787944117144233, 0.0024787521766663585, 0.0024787521766663585, 0.36787944117144233, 0.049787068367863944, 0.01831563888873418, 0.049787068367863944, 0.049787068367863944, 0.36787944117144233, 0.01831563888873418, 0.36787944117144233, 0.006737946999085467, 0.006737946999085467, 0.0024787521766663585, 0.006737946999085467, 0.0024787521766663585, 0.36787944117144233, 0.006737946999085467, 0.006737946999085467, 0.006737946999085467, 0.1353352832366127, 0.01831563888873418, 0.01831563888873418, 0.0024787521766663585, 0.1353352832366127, 0.006737946999085467, 0.0024787521766663585, 0.0024787521766663585, 0.1353352832366127] <<
Female: Delta - -1.0000
      Best >> FitnessFunction: 29.0, Gender: F, 
DNA_1: [1, 1, 1, 1, 0, 1, 0, 1, 0, 1, 1, 1, 1, 0, 1, 1, 1, 1, 1, 1, 1, 1, 1, 1, 1, 1, 0, 1, 1, 1, 1, 1]
DNA_2: [1, 1, 1, 1, 1, 1, 1, 1, 1, 1, 1, 1, 1, 1, 1, 0, 1, 1, 1, 1, 1, 1, 1, 1, 1, 1, 1, 1, 1, 1, 0, 0]
Dominance:
Random mapping with probability: 0.5
Phenotype: [1, 1, 1, 1, 0, 1, 0, 1, 1, 1, 1, 1, 1, 0, 1, 0, 1, 1, 1, 1, 1, 1, 1, 1, 1, 1, 0, 1, 1, 1, 0, 0], Recombination probability: [0.01831563888873418, 0.006737946999085467, 0.36787944117144233, 0.36787944117144233, 0.1353352832366127, 0.006737946999085467, 0.36787944117144233, 0.0024787521766663585, 0.006737946999085467, 0.36787944117144233, 0.006737946999085467, 0.01831563888873418, 0.0024787521766663585, 0.1353352832366127, 0.1353352832366127, 0.006737946999085467, 0.006737946999085467, 0.0024787521766663585, 0.006737946999085467, 0.01831563888873418, 0.1353352832366127, 0.01831563888873418, 0.36787944117144233, 0.36787944117144233, 0.049787068367863944, 0.006737946999085467, 0.1353352832366127, 0.01831563888873418, 0.006737946999085467, 0.36787944117144233, 0.049787068367863944, 0.0024787521766663585] <<



Generation: 26;
Male: Delta - -1.0000;
      Best >> FitnessFunction: 28.0, Gender: M, 
DNA_1: [1, 1, 1, 0, 0, 1, 1, 0, 1, 1, 1, 1, 1, 1, 1, 1, 1, 1, 0, 1, 0, 0, 1, 1, 0, 0, 1, 0, 1, 1, 1, 1]
DNA_2: [1, 0, 1, 1, 0, 1, 0, 1, 1, 1, 1, 1, 1, 1, 1, 0, 1, 1, 1, 1, 1, 1, 1, 1, 1, 1, 0, 1, 0, 0, 1, 1]
Dominance:
Random mapping with probability: 0.5
Phenotype: [1, 1, 1, 0, 0, 1, 0, 0, 1, 1, 1, 1, 1, 1, 1, 1, 1, 1, 0, 1, 1, 0, 1, 1, 1, 0, 0, 1, 1, 1, 1, 1], Recombination probability: [0.1353352832366127, 0.01831563888873418, 0.1353352832366127, 0.049787068367863944, 0.01831563888873418, 0.006737946999085467, 0.01831563888873418, 0.01831563888873418, 0.36787944117144233, 0.0024787521766663585, 0.1353352832366127, 0.1353352832366127, 0.36787944117144233, 0.01831563888873418, 0.36787944117144233, 0.01831563888873418, 0.0024787521766663585, 0.01831563888873418, 0.01831563888873418, 0.36787944117144233, 0.36787944117144233, 0.36787944117144233, 0.1353352832366127, 0.0024787521766663585, 0.01831563888873418, 0.049787068367863944, 0.049787068367863944, 0.36787944117144233, 0.01831563888873418, 0.0024787521766663585, 0.1353352832366127, 0.1353352832366127] <<
Female: Delta - 0.0000
      Best >> FitnessFunction: 29.0, Gender: F, 
DNA_1: [0, 1, 1, 1, 1, 0, 0, 1, 1, 1, 1, 1, 1, 1, 1, 1, 1, 1, 1, 1, 1, 0, 1, 1, 1, 1, 1, 0, 1, 0, 1, 1]
DNA_2: [1, 1, 1, 1, 1, 0, 1, 1, 1, 1, 1, 1, 0, 1, 1, 1, 1, 1, 1, 1, 1, 1, 0, 1, 1, 1, 1, 1, 0, 1, 0, 0]
Dominance:
Random mapping with probability: 0.5
Phenotype: [1, 1, 1, 1, 1, 0, 1, 1, 1, 1, 1, 1, 1, 1, 1, 1, 1, 1, 1, 1, 1, 0, 0, 1, 1, 1, 1, 1, 0, 0, 1, 1], Recombination probability: [0.0024787521766663585, 0.006737946999085467, 0.049787068367863944, 0.1353352832366127, 0.1353352832366127, 0.1353352832366127, 0.01831563888873418, 0.1353352832366127, 0.1353352832366127, 0.1353352832366127, 0.01831563888873418, 0.01831563888873418, 0.01831563888873418, 0.01831563888873418, 0.049787068367863944, 0.049787068367863944, 0.1353352832366127, 0.01831563888873418, 0.01831563888873418, 0.049787068367863944, 0.0024787521766663585, 0.1353352832366127, 0.36787944117144233, 0.049787068367863944, 0.0024787521766663585, 0.006737946999085467, 0.1353352832366127, 0.006737946999085467, 0.0024787521766663585, 0.36787944117144233, 0.0024787521766663585, 0.006737946999085467] <<



Generation: 27;
Male: Delta - 1.0000;
      Best >> FitnessFunction: 29.0, Gender: M, 
DNA_1: [1, 1, 1, 1, 0, 1, 0, 1, 1, 1, 1, 1, 1, 1, 1, 1, 1, 1, 1, 1, 1, 1, 0, 1, 1, 1, 0, 1, 0, 1, 1, 1]
DNA_2: [1, 1, 1, 0, 1, 1, 1, 1, 1, 1, 1, 1, 0, 1, 1, 0, 1, 1, 0, 1, 0, 1, 1, 1, 1, 1, 1, 1, 1, 1, 1, 1]
Dominance:
Random mapping with probability: 0.5
Phenotype: [1, 1, 1, 1, 1, 1, 1, 1, 1, 1, 1, 1, 1, 1, 1, 1, 1, 1, 1, 1, 1, 1, 1, 1, 1, 1, 0, 1, 0, 1, 1, 1], Recombination probability: [0.049787068367863944, 0.1353352832366127, 0.0024787521766663585, 0.36787944117144233, 0.0024787521766663585, 0.0024787521766663585, 0.36787944117144233, 0.049787068367863944, 0.01831563888873418, 0.049787068367863944, 0.049787068367863944, 0.36787944117144233, 0.01831563888873418, 0.36787944117144233, 0.006737946999085467, 0.006737946999085467, 0.0024787521766663585, 0.006737946999085467, 0.0024787521766663585, 0.36787944117144233, 0.006737946999085467, 0.006737946999085467, 0.006737946999085467, 0.1353352832366127, 0.01831563888873418, 0.01831563888873418, 0.0024787521766663585, 0.1353352832366127, 0.006737946999085467, 0.0024787521766663585, 0.0024787521766663585, 0.1353352832366127] <<
Female: Delta - 2.0000
      Best >> FitnessFunction: 31.0, Gender: F, 
DNA_1: [1, 1, 1, 1, 0, 1, 0, 1, 0, 1, 1, 1, 1, 0, 1, 1, 1, 1, 1, 1, 1, 1, 1, 1, 1, 1, 0, 1, 1, 1, 1, 1]
DNA_2: [1, 1, 1, 1, 1, 1, 1, 1, 1, 1, 1, 1, 1, 1, 1, 0, 1, 1, 1, 1, 1, 1, 1, 1, 1, 1, 1, 1, 1, 1, 0, 0]
Dominance:
Random mapping with probability: 0.5
Phenotype: [1, 1, 1, 1, 0, 1, 1, 1, 0, 1, 1, 1, 1, 0, 1, 1, 1, 1, 1, 1, 1, 1, 1, 1, 1, 1, 0, 1, 1, 1, 0, 1], Recombination probability: [0.01831563888873418, 0.006737946999085467, 0.36787944117144233, 0.36787944117144233, 0.1353352832366127, 0.006737946999085467, 0.36787944117144233, 0.0024787521766663585, 0.006737946999085467, 0.36787944117144233, 0.006737946999085467, 0.01831563888873418, 0.0024787521766663585, 0.1353352832366127, 0.1353352832366127, 0.006737946999085467, 0.006737946999085467, 0.0024787521766663585, 0.006737946999085467, 0.01831563888873418, 0.1353352832366127, 0.01831563888873418, 0.36787944117144233, 0.36787944117144233, 0.049787068367863944, 0.006737946999085467, 0.1353352832366127, 0.01831563888873418, 0.006737946999085467, 0.36787944117144233, 0.049787068367863944, 0.0024787521766663585] <<



Generation: 28;
Male: Delta - 0.0000;
      Best >> FitnessFunction: 29.0, Gender: M, 
DNA_1: [1, 1, 1, 1, 1, 1, 0, 1, 1, 1, 1, 1, 0, 1, 1, 0, 1, 1, 0, 1, 1, 1, 1, 1, 1, 1, 1, 1, 1, 1, 1, 1]
DNA_2: [0, 1, 1, 1, 1, 0, 1, 1, 1, 0, 1, 1, 1, 1, 1, 0, 1, 1, 1, 1, 1, 1, 1, 1, 1, 1, 1, 1, 0, 1, 0, 1]
Dominance:
Random mapping with probability: 0.5
Phenotype: [0, 1, 1, 1, 1, 1, 1, 1, 1, 0, 1, 1, 0, 1, 1, 0, 1, 1, 0, 1, 1, 1, 1, 1, 1, 1, 1, 1, 0, 1, 0, 1], Recombination probability: [0.049787068367863944, 0.1353352832366127, 0.0024787521766663585, 0.36787944117144233, 0.0024787521766663585, 0.0024787521766663585, 0.36787944117144233, 0.049787068367863944, 0.01831563888873418, 0.049787068367863944, 0.049787068367863944, 0.36787944117144233, 0.01831563888873418, 0.36787944117144233, 0.006737946999085467, 0.006737946999085467, 0.0024787521766663585, 0.006737946999085467, 0.0024787521766663585, 0.36787944117144233, 0.006737946999085467, 0.006737946999085467, 0.006737946999085467, 0.1353352832366127, 0.01831563888873418, 0.01831563888873418, 0.0024787521766663585, 0.1353352832366127, 0.006737946999085467, 0.0024787521766663585, 0.0024787521766663585, 0.1353352832366127] <<
Female: Delta - -2.0000
      Best >> FitnessFunction: 29.0, Gender: F, 
DNA_1: [0, 1, 1, 1, 1, 0, 0, 1, 1, 1, 1, 1, 1, 1, 1, 1, 1, 1, 1, 1, 1, 0, 1, 1, 1, 1, 1, 0, 1, 0, 1, 1]
DNA_2: [1, 1, 1, 1, 1, 0, 1, 1, 1, 1, 1, 1, 0, 1, 1, 1, 1, 1, 1, 1, 1, 1, 0, 1, 1, 1, 1, 1, 0, 1, 0, 0]
Dominance:
Random mapping with probability: 0.5
Phenotype: [1, 1, 1, 1, 1, 0, 1, 1, 1, 1, 1, 1, 0, 1, 1, 1, 1, 1, 1, 1, 1, 0, 1, 1, 1, 1, 1, 0, 0, 0, 1, 0], Recombination probability: [0.0024787521766663585, 0.006737946999085467, 0.049787068367863944, 0.1353352832366127, 0.1353352832366127, 0.1353352832366127, 0.01831563888873418, 0.1353352832366127, 0.1353352832366127, 0.1353352832366127, 0.01831563888873418, 0.01831563888873418, 0.01831563888873418, 0.01831563888873418, 0.049787068367863944, 0.049787068367863944, 0.1353352832366127, 0.01831563888873418, 0.01831563888873418, 0.049787068367863944, 0.0024787521766663585, 0.1353352832366127, 0.36787944117144233, 0.049787068367863944, 0.0024787521766663585, 0.006737946999085467, 0.1353352832366127, 0.006737946999085467, 0.0024787521766663585, 0.36787944117144233, 0.0024787521766663585, 0.006737946999085467] <<



Generation: 29;
Male: Delta - 0.0000;
      Best >> FitnessFunction: 29.0, Gender: M, 
DNA_1: [0, 1, 1, 1, 1, 1, 1, 1, 0, 0, 1, 1, 1, 0, 1, 1, 0, 1, 1, 1, 1, 1, 1, 0, 1, 1, 0, 1, 1, 1, 0, 1]
DNA_2: [1, 1, 1, 0, 1, 1, 1, 0, 1, 1, 0, 0, 1, 1, 1, 1, 1, 1, 1, 1, 1, 1, 1, 1, 1, 1, 1, 1, 1, 0, 1, 1]
Dominance:
Random mapping with probability: 0.5
Phenotype: [1, 1, 1, 0, 1, 1, 1, 0, 0, 0, 0, 1, 1, 1, 1, 1, 1, 1, 1, 1, 1, 1, 1, 1, 1, 1, 0, 1, 1, 0, 0, 1], Recombination probability: [0.049787068367863944, 0.0024787521766663585, 0.049787068367863944, 0.1353352832366127, 0.0024787521766663585, 0.049787068367863944, 0.36787944117144233, 0.049787068367863944, 0.1353352832366127, 0.01831563888873418, 0.01831563888873418, 0.36787944117144233, 0.0024787521766663585, 0.006737946999085467, 0.01831563888873418, 0.1353352832366127, 0.1353352832366127, 0.0024787521766663585, 0.0024787521766663585, 0.36787944117144233, 0.1353352832366127, 0.1353352832366127, 0.1353352832366127, 0.0024787521766663585, 0.01831563888873418, 0.0024787521766663585, 0.006737946999085467, 0.01831563888873418, 0.006737946999085467, 0.049787068367863944, 0.1353352832366127, 0.006737946999085467] <<
Female: Delta - 0.0000
      Best >> FitnessFunction: 29.0, Gender: F, 
DNA_1: [1, 1, 1, 1, 0, 1, 0, 1, 0, 1, 1, 1, 1, 0, 1, 1, 1, 1, 1, 1, 1, 1, 1, 1, 1, 1, 0, 1, 1, 1, 1, 1]
DNA_2: [1, 1, 1, 1, 1, 1, 1, 1, 1, 1, 1, 1, 1, 1, 1, 0, 1, 1, 1, 1, 1, 1, 1, 1, 1, 1, 1, 1, 1, 1, 0, 0]
Dominance:
Random mapping with probability: 0.5
Phenotype: [1, 1, 1, 1, 0, 1, 0, 1, 0, 1, 1, 1, 1, 0, 1, 0, 1, 1, 1, 1, 1, 1, 1, 1, 1, 1, 0, 1, 1, 1, 1, 0], Recombination probability: [0.01831563888873418, 0.006737946999085467, 0.36787944117144233, 0.36787944117144233, 0.1353352832366127, 0.006737946999085467, 0.36787944117144233, 0.0024787521766663585, 0.006737946999085467, 0.36787944117144233, 0.006737946999085467, 0.01831563888873418, 0.0024787521766663585, 0.1353352832366127, 0.1353352832366127, 0.006737946999085467, 0.006737946999085467, 0.0024787521766663585, 0.006737946999085467, 0.01831563888873418, 0.1353352832366127, 0.01831563888873418, 0.36787944117144233, 0.36787944117144233, 0.049787068367863944, 0.006737946999085467, 0.1353352832366127, 0.01831563888873418, 0.006737946999085467, 0.36787944117144233, 0.049787068367863944, 0.0024787521766663585] <<



Generation: 30;
Male: Delta - 2.0000;
      Best >> FitnessFunction: 31.0, Gender: M, 
DNA_1: [1, 1, 1, 1, 1, 1, 0, 1, 0, 1, 1, 1, 1, 1, 1, 1, 1, 1, 1, 1, 1, 1, 1, 1, 1, 1, 1, 1, 1, 1, 1, 0]
DNA_2: [1, 0, 1, 1, 1, 1, 1, 1, 1, 0, 1, 1, 1, 0, 1, 1, 1, 1, 1, 1, 0, 1, 1, 1, 1, 1, 1, 1, 0, 1, 0, 1]
Dominance:
Random mapping with probability: 0.5
Phenotype: [1, 0, 1, 1, 1, 1, 1, 1, 0, 1, 1, 1, 1, 0, 1, 1, 1, 1, 1, 1, 1, 1, 1, 1, 1, 1, 1, 1, 1, 1, 1, 0], Recombination probability: [0.1353352832366127, 0.01831563888873418, 0.1353352832366127, 0.049787068367863944, 0.01831563888873418, 0.006737946999085467, 0.01831563888873418, 0.01831563888873418, 0.36787944117144233, 0.0024787521766663585, 0.1353352832366127, 0.1353352832366127, 0.36787944117144233, 0.01831563888873418, 0.36787944117144233, 0.01831563888873418, 0.0024787521766663585, 0.01831563888873418, 0.01831563888873418, 0.36787944117144233, 0.36787944117144233, 0.36787944117144233, 0.1353352832366127, 0.0024787521766663585, 0.01831563888873418, 0.049787068367863944, 0.049787068367863944, 0.36787944117144233, 0.01831563888873418, 0.0024787521766663585, 0.1353352832366127, 0.1353352832366127] <<
Female: Delta - 0.0000
      Best >> FitnessFunction: 29.0, Gender: F, 
DNA_1: [1, 1, 1, 1, 0, 1, 1, 1, 1, 1, 1, 1, 1, 1, 1, 1, 0, 1, 1, 1, 1, 1, 1, 1, 1, 1, 1, 1, 0, 1, 1, 1]
DNA_2: [0, 0, 1, 1, 1, 1, 1, 1, 1, 1, 1, 1, 1, 0, 1, 1, 1, 1, 1, 1, 1, 1, 1, 1, 1, 1, 1, 1, 1, 1, 0, 1]
Dominance:
Random mapping with probability: 0.5
Phenotype: [1, 1, 1, 1, 0, 1, 1, 1, 1, 1, 1, 1, 1, 1, 1, 1, 0, 1, 1, 1, 1, 1, 1, 1, 1, 1, 1, 1, 0, 1, 0, 1], Recombination probability: [0.1353352832366127, 0.006737946999085467, 0.0024787521766663585, 0.1353352832366127, 0.36787944117144233, 0.01831563888873418, 0.049787068367863944, 0.01831563888873418, 0.1353352832366127, 0.049787068367863944, 0.1353352832366127, 0.006737946999085467, 0.1353352832366127, 0.0024787521766663585, 0.01831563888873418, 0.1353352832366127, 0.0024787521766663585, 0.36787944117144233, 0.006737946999085467, 0.01831563888873418, 0.006737946999085467, 0.01831563888873418, 0.049787068367863944, 0.1353352832366127, 0.049787068367863944, 0.049787068367863944, 0.006737946999085467, 0.006737946999085467, 0.006737946999085467, 0.1353352832366127, 0.0024787521766663585, 0.049787068367863944] <<



Generation: 31;
Male: Delta - -3.0000;
      Best >> FitnessFunction: 28.0, Gender: M, 
DNA_1: [1, 1, 1, 1, 1, 1, 0, 1, 1, 1, 1, 1, 0, 1, 1, 0, 1, 1, 0, 1, 1, 1, 1, 1, 1, 1, 1, 1, 1, 1, 1, 1]
DNA_2: [0, 1, 1, 1, 1, 0, 1, 1, 1, 0, 1, 1, 1, 1, 1, 0, 1, 1, 1, 1, 1, 1, 1, 1, 1, 1, 1, 1, 0, 1, 0, 1]
Dominance:
Random mapping with probability: 0.5
Phenotype: [0, 1, 1, 1, 1, 0, 1, 1, 1, 0, 1, 1, 0, 1, 1, 0, 1, 1, 1, 1, 1, 1, 1, 1, 1, 1, 1, 1, 0, 1, 0, 1], Recombination probability: [0.049787068367863944, 0.1353352832366127, 0.0024787521766663585, 0.36787944117144233, 0.0024787521766663585, 0.0024787521766663585, 0.36787944117144233, 0.049787068367863944, 0.01831563888873418, 0.049787068367863944, 0.049787068367863944, 0.36787944117144233, 0.01831563888873418, 0.36787944117144233, 0.006737946999085467, 0.006737946999085467, 0.0024787521766663585, 0.006737946999085467, 0.0024787521766663585, 0.36787944117144233, 0.006737946999085467, 0.006737946999085467, 0.006737946999085467, 0.1353352832366127, 0.01831563888873418, 0.01831563888873418, 0.0024787521766663585, 0.1353352832366127, 0.006737946999085467, 0.0024787521766663585, 0.0024787521766663585, 0.1353352832366127] <<
Female: Delta - 1.0000
      Best >> FitnessFunction: 30.0, Gender: F, 
DNA_1: [1, 1, 1, 1, 0, 1, 0, 1, 0, 1, 1, 1, 1, 0, 1, 1, 1, 1, 1, 1, 1, 1, 1, 1, 1, 1, 0, 1, 1, 1, 1, 1]
DNA_2: [1, 1, 1, 1, 1, 1, 1, 1, 1, 1, 1, 1, 1, 1, 1, 0, 1, 1, 1, 1, 1, 1, 1, 1, 1, 1, 1, 1, 1, 1, 0, 0]
Dominance:
Random mapping with probability: 0.5
Phenotype: [1, 1, 1, 1, 0, 1, 0, 1, 1, 1, 1, 1, 1, 0, 1, 1, 1, 1, 1, 1, 1, 1, 1, 1, 1, 1, 1, 1, 1, 1, 0, 0], Recombination probability: [0.01831563888873418, 0.006737946999085467, 0.36787944117144233, 0.36787944117144233, 0.1353352832366127, 0.006737946999085467, 0.36787944117144233, 0.0024787521766663585, 0.006737946999085467, 0.36787944117144233, 0.006737946999085467, 0.01831563888873418, 0.0024787521766663585, 0.1353352832366127, 0.1353352832366127, 0.006737946999085467, 0.006737946999085467, 0.0024787521766663585, 0.006737946999085467, 0.01831563888873418, 0.1353352832366127, 0.01831563888873418, 0.36787944117144233, 0.36787944117144233, 0.049787068367863944, 0.006737946999085467, 0.1353352832366127, 0.01831563888873418, 0.006737946999085467, 0.36787944117144233, 0.049787068367863944, 0.0024787521766663585] <<



Generation: 32;
Male: Delta - 2.0000;
      Best >> FitnessFunction: 30.0, Gender: M, 
DNA_1: [0, 1, 1, 1, 1, 1, 0, 1, 1, 0, 1, 1, 1, 0, 1, 0, 1, 1, 0, 1, 1, 0, 1, 1, 1, 1, 1, 1, 1, 1, 1, 1]
DNA_2: [1, 0, 1, 0, 1, 1, 1, 1, 0, 1, 0, 0, 1, 1, 0, 1, 0, 1, 1, 1, 1, 1, 1, 1, 0, 1, 1, 1, 1, 1, 1, 1]
Dominance:
Random mapping with probability: 0.5
Phenotype: [1, 1, 1, 1, 1, 1, 1, 1, 0, 1, 0, 1, 1, 1, 0, 1, 1, 1, 1, 1, 1, 0, 1, 1, 0, 1, 1, 1, 1, 1, 1, 1], Recombination probability: [0.01831563888873418, 0.01831563888873418, 0.1353352832366127, 0.01831563888873418, 0.049787068367863944, 0.01831563888873418, 0.01831563888873418, 0.36787944117144233, 0.1353352832366127, 0.1353352832366127, 0.01831563888873418, 0.0024787521766663585, 0.01831563888873418, 0.049787068367863944, 0.01831563888873418, 0.006737946999085467, 0.01831563888873418, 0.006737946999085467, 0.049787068367863944, 0.36787944117144233, 0.006737946999085467, 0.0024787521766663585, 0.006737946999085467, 0.36787944117144233, 0.01831563888873418, 0.1353352832366127, 0.006737946999085467, 0.0024787521766663585, 0.006737946999085467, 0.36787944117144233, 0.006737946999085467, 0.01831563888873418] <<
Female: Delta - -1.0000
      Best >> FitnessFunction: 29.0, Gender: F, 
DNA_1: [1, 0, 1, 1, 1, 1, 1, 1, 1, 1, 0, 1, 1, 0, 0, 1, 1, 1, 1, 1, 1, 1, 1, 1, 0, 1, 1, 1, 0, 1, 1, 1]
DNA_2: [1, 0, 1, 1, 0, 1, 0, 1, 0, 1, 0, 1, 1, 1, 1, 1, 1, 1, 1, 1, 1, 1, 1, 1, 1, 1, 1, 1, 1, 1, 1, 1]
Dominance:
Random mapping with probability: 0.5
Phenotype: [1, 0, 1, 1, 0, 1, 0, 1, 1, 1, 0, 1, 1, 1, 1, 1, 1, 1, 1, 1, 1, 1, 1, 1, 0, 1, 1, 1, 1, 1, 1, 1], Recombination probability: [0.01831563888873418, 0.006737946999085467, 0.36787944117144233, 0.36787944117144233, 0.1353352832366127, 0.006737946999085467, 0.36787944117144233, 0.0024787521766663585, 0.006737946999085467, 0.36787944117144233, 0.006737946999085467, 0.01831563888873418, 0.0024787521766663585, 0.1353352832366127, 0.1353352832366127, 0.006737946999085467, 0.006737946999085467, 0.0024787521766663585, 0.006737946999085467, 0.01831563888873418, 0.1353352832366127, 0.01831563888873418, 0.36787944117144233, 0.36787944117144233, 0.049787068367863944, 0.006737946999085467, 0.1353352832366127, 0.01831563888873418, 0.006737946999085467, 0.36787944117144233, 0.049787068367863944, 0.0024787521766663585] <<



Generation: 33;
Male: Delta - -1.0000;
      Best >> FitnessFunction: 29.0, Gender: M, 
DNA_1: [1, 1, 1, 1, 1, 0, 0, 1, 0, 1, 0, 1, 1, 1, 1, 1, 1, 1, 1, 1, 1, 0, 1, 1, 1, 1, 1, 1, 1, 1, 1, 1]
DNA_2: [1, 1, 1, 1, 1, 1, 1, 1, 1, 1, 1, 1, 1, 1, 1, 0, 1, 1, 1, 1, 1, 0, 1, 0, 1, 1, 1, 1, 1, 0, 0, 0]
Dominance:
Random mapping with probability: 0.5
Phenotype: [1, 1, 1, 1, 1, 1, 0, 1, 0, 1, 1, 1, 1, 1, 1, 1, 1, 1, 1, 1, 1, 0, 1, 1, 1, 1, 1, 1, 1, 0, 0, 1], Recombination probability: [0.1353352832366127, 0.01831563888873418, 0.1353352832366127, 0.049787068367863944, 0.01831563888873418, 0.006737946999085467, 0.01831563888873418, 0.01831563888873418, 0.36787944117144233, 0.0024787521766663585, 0.1353352832366127, 0.1353352832366127, 0.36787944117144233, 0.01831563888873418, 0.36787944117144233, 0.01831563888873418, 0.0024787521766663585, 0.01831563888873418, 0.01831563888873418, 0.36787944117144233, 0.36787944117144233, 0.36787944117144233, 0.1353352832366127, 0.0024787521766663585, 0.01831563888873418, 0.049787068367863944, 0.049787068367863944, 0.36787944117144233, 0.01831563888873418, 0.0024787521766663585, 0.1353352832366127, 0.1353352832366127] <<
Female: Delta - 0.0000
      Best >> FitnessFunction: 29.0, Gender: F, 
DNA_1: [1, 1, 1, 1, 1, 1, 1, 1, 1, 1, 1, 1, 1, 0, 1, 0, 1, 1, 1, 1, 1, 1, 1, 1, 1, 1, 1, 1, 1, 1, 1, 0]
DNA_2: [0, 1, 1, 1, 1, 1, 1, 1, 1, 1, 1, 1, 1, 0, 1, 1, 1, 1, 0, 1, 0, 1, 1, 1, 1, 1, 0, 1, 1, 1, 0, 1]
Dominance:
Random mapping with probability: 0.5
Phenotype: [0, 1, 1, 1, 1, 1, 1, 1, 1, 1, 1, 1, 1, 0, 1, 0, 1, 1, 0, 1, 0, 1, 1, 1, 1, 1, 0, 1, 1, 1, 1, 0], Recombination probability: [0.1353352832366127, 0.006737946999085467, 0.0024787521766663585, 0.1353352832366127, 0.36787944117144233, 0.01831563888873418, 0.049787068367863944, 0.01831563888873418, 0.1353352832366127, 0.049787068367863944, 0.1353352832366127, 0.006737946999085467, 0.1353352832366127, 0.0024787521766663585, 0.01831563888873418, 0.1353352832366127, 0.0024787521766663585, 0.36787944117144233, 0.006737946999085467, 0.01831563888873418, 0.006737946999085467, 0.01831563888873418, 0.049787068367863944, 0.1353352832366127, 0.049787068367863944, 0.049787068367863944, 0.006737946999085467, 0.006737946999085467, 0.006737946999085467, 0.1353352832366127, 0.0024787521766663585, 0.049787068367863944] <<



Generation: 34;
Male: Delta - 0.0000;
      Best >> FitnessFunction: 29.0, Gender: M, 
DNA_1: [1, 1, 1, 1, 1, 1, 0, 1, 0, 1, 1, 1, 1, 1, 1, 1, 1, 1, 1, 1, 1, 1, 1, 1, 1, 1, 1, 1, 1, 1, 1, 0]
DNA_2: [1, 0, 1, 1, 1, 1, 1, 1, 1, 0, 1, 1, 1, 0, 1, 1, 1, 1, 1, 1, 0, 1, 1, 1, 1, 1, 1, 1, 0, 1, 0, 1]
Dominance:
Random mapping with probability: 0.5
Phenotype: [1, 1, 1, 1, 1, 1, 1, 1, 0, 1, 1, 1, 1, 0, 1, 1, 1, 1, 1, 1, 1, 1, 1, 1, 1, 1, 1, 1, 0, 1, 1, 1], Recombination probability: [0.1353352832366127, 0.01831563888873418, 0.1353352832366127, 0.049787068367863944, 0.01831563888873418, 0.006737946999085467, 0.01831563888873418, 0.01831563888873418, 0.36787944117144233, 0.0024787521766663585, 0.1353352832366127, 0.1353352832366127, 0.36787944117144233, 0.01831563888873418, 0.36787944117144233, 0.01831563888873418, 0.0024787521766663585, 0.01831563888873418, 0.01831563888873418, 0.36787944117144233, 0.36787944117144233, 0.36787944117144233, 0.1353352832366127, 0.0024787521766663585, 0.01831563888873418, 0.049787068367863944, 0.049787068367863944, 0.36787944117144233, 0.01831563888873418, 0.0024787521766663585, 0.1353352832366127, 0.1353352832366127] <<
Female: Delta - -1.0000
      Best >> FitnessFunction: 28.0, Gender: F, 
DNA_1: [1, 1, 1, 1, 1, 1, 1, 1, 1, 1, 1, 1, 1, 0, 1, 0, 1, 1, 1, 1, 1, 1, 1, 1, 1, 1, 1, 1, 1, 1, 1, 0]
DNA_2: [0, 1, 1, 1, 1, 1, 1, 1, 1, 1, 1, 1, 1, 0, 1, 1, 1, 1, 0, 1, 0, 1, 1, 1, 1, 1, 0, 1, 1, 1, 0, 1]
Dominance:
Random mapping with probability: 0.5
Phenotype: [1, 1, 1, 1, 1, 1, 1, 1, 1, 1, 1, 1, 1, 0, 1, 0, 1, 1, 1, 1, 1, 1, 1, 1, 1, 1, 1, 1, 1, 1, 0, 0], Recombination probability: [0.1353352832366127, 0.006737946999085467, 0.0024787521766663585, 0.1353352832366127, 0.36787944117144233, 0.01831563888873418, 0.049787068367863944, 0.01831563888873418, 0.1353352832366127, 0.049787068367863944, 0.1353352832366127, 0.006737946999085467, 0.1353352832366127, 0.0024787521766663585, 0.01831563888873418, 0.1353352832366127, 0.0024787521766663585, 0.36787944117144233, 0.006737946999085467, 0.01831563888873418, 0.006737946999085467, 0.01831563888873418, 0.049787068367863944, 0.1353352832366127, 0.049787068367863944, 0.049787068367863944, 0.006737946999085467, 0.006737946999085467, 0.006737946999085467, 0.1353352832366127, 0.0024787521766663585, 0.049787068367863944] <<



Generation: 35;
Male: Delta - 0.0000;
      Best >> FitnessFunction: 29.0, Gender: M, 
DNA_1: [1, 1, 0, 0, 1, 1, 1, 1, 1, 1, 1, 0, 1, 0, 0, 1, 1, 1, 0, 1, 0, 1, 0, 1, 1, 1, 1, 0, 1, 0, 1, 1]
DNA_2: [1, 1, 1, 1, 1, 1, 1, 1, 1, 1, 1, 1, 1, 0, 1, 1, 0, 0, 1, 0, 1, 1, 1, 1, 0, 1, 1, 1, 0, 1, 1, 1]
Dominance:
Random mapping with probability: 0.5
Phenotype: [1, 1, 0, 0, 1, 1, 1, 1, 1, 1, 1, 0, 1, 0, 1, 1, 0, 0, 1, 1, 1, 1, 0, 1, 1, 1, 1, 0, 1, 1, 1, 1], Recombination probability: [0.049787068367863944, 0.1353352832366127, 0.0024787521766663585, 0.36787944117144233, 0.0024787521766663585, 0.0024787521766663585, 0.36787944117144233, 0.049787068367863944, 0.01831563888873418, 0.049787068367863944, 0.049787068367863944, 0.36787944117144233, 0.01831563888873418, 0.36787944117144233, 0.006737946999085467, 0.006737946999085467, 0.0024787521766663585, 0.006737946999085467, 0.0024787521766663585, 0.36787944117144233, 0.006737946999085467, 0.006737946999085467, 0.006737946999085467, 0.1353352832366127, 0.01831563888873418, 0.01831563888873418, 0.0024787521766663585, 0.1353352832366127, 0.006737946999085467, 0.0024787521766663585, 0.0024787521766663585, 0.1353352832366127] <<
Female: Delta - 2.0000
      Best >> FitnessFunction: 30.0, Gender: F, 
DNA_1: [1, 1, 1, 1, 1, 0, 1, 1, 1, 0, 1, 1, 1, 1, 0, 1, 1, 1, 0, 0, 1, 1, 1, 1, 1, 1, 1, 0, 1, 1, 1, 1]
DNA_2: [0, 1, 1, 1, 0, 1, 1, 0, 1, 1, 1, 0, 1, 1, 1, 1, 1, 1, 1, 1, 1, 1, 1, 0, 1, 1, 1, 1, 1, 1, 1, 0]
Dominance:
Random mapping with probability: 0.5
Phenotype: [0, 1, 1, 1, 0, 0, 1, 1, 1, 1, 1, 1, 1, 1, 0, 1, 1, 1, 0, 0, 1, 1, 1, 0, 1, 1, 1, 1, 1, 1, 1, 0], Recombination probability: [0.01831563888873418, 0.01831563888873418, 0.049787068367863944, 0.36787944117144233, 0.01831563888873418, 0.006737946999085467, 0.049787068367863944, 0.36787944117144233, 0.01831563888873418, 0.0024787521766663585, 0.049787068367863944, 0.0024787521766663585, 0.36787944117144233, 0.1353352832366127, 0.049787068367863944, 0.049787068367863944, 0.1353352832366127, 0.006737946999085467, 0.36787944117144233, 0.049787068367863944, 0.36787944117144233, 0.006737946999085467, 0.1353352832366127, 0.0024787521766663585, 0.006737946999085467, 0.1353352832366127, 0.01831563888873418, 0.01831563888873418, 0.1353352832366127, 0.01831563888873418, 0.36787944117144233, 0.01831563888873418] <<



Generation: 36;
Male: Delta - -1.0000;
      Best >> FitnessFunction: 28.0, Gender: M, 
DNA_1: [1, 1, 1, 1, 1, 1, 0, 1, 0, 1, 1, 1, 1, 1, 1, 1, 1, 1, 1, 1, 1, 1, 1, 1, 1, 1, 1, 1, 1, 1, 1, 0]
DNA_2: [1, 0, 1, 1, 1, 1, 1, 1, 1, 0, 1, 1, 1, 0, 1, 1, 1, 1, 1, 1, 0, 1, 1, 1, 1, 1, 1, 1, 0, 1, 0, 1]
Dominance:
Random mapping with probability: 0.5
Phenotype: [1, 0, 1, 1, 1, 1, 1, 1, 1, 0, 1, 1, 1, 0, 1, 1, 1, 1, 1, 1, 0, 1, 1, 1, 1, 1, 1, 1, 1, 1, 1, 0], Recombination probability: [0.1353352832366127, 0.01831563888873418, 0.1353352832366127, 0.049787068367863944, 0.01831563888873418, 0.006737946999085467, 0.01831563888873418, 0.01831563888873418, 0.36787944117144233, 0.0024787521766663585, 0.1353352832366127, 0.1353352832366127, 0.36787944117144233, 0.01831563888873418, 0.36787944117144233, 0.01831563888873418, 0.0024787521766663585, 0.01831563888873418, 0.01831563888873418, 0.36787944117144233, 0.36787944117144233, 0.36787944117144233, 0.1353352832366127, 0.0024787521766663585, 0.01831563888873418, 0.049787068367863944, 0.049787068367863944, 0.36787944117144233, 0.01831563888873418, 0.0024787521766663585, 0.1353352832366127, 0.1353352832366127] <<
Female: Delta - 0.0000
      Best >> FitnessFunction: 30.0, Gender: F, 
DNA_1: [1, 1, 1, 1, 1, 1, 0, 1, 0, 1, 1, 1, 1, 1, 1, 1, 1, 1, 1, 1, 1, 1, 1, 1, 1, 1, 1, 1, 1, 1, 1, 0]
DNA_2: [1, 1, 1, 1, 1, 0, 1, 1, 1, 1, 1, 1, 0, 1, 1, 1, 1, 1, 1, 0, 1, 1, 1, 0, 0, 1, 1, 1, 0, 1, 1, 1]
Dominance:
Random mapping with probability: 0.5
Phenotype: [1, 1, 1, 1, 1, 0, 0, 1, 1, 1, 1, 1, 0, 1, 1, 1, 1, 1, 1, 1, 1, 1, 1, 0, 0, 1, 1, 1, 0, 1, 1, 0], Recombination probability: [0.01831563888873418, 0.006737946999085467, 0.36787944117144233, 0.36787944117144233, 0.1353352832366127, 0.006737946999085467, 0.36787944117144233, 0.0024787521766663585, 0.006737946999085467, 0.36787944117144233, 0.006737946999085467, 0.01831563888873418, 0.0024787521766663585, 0.1353352832366127, 0.1353352832366127, 0.006737946999085467, 0.006737946999085467, 0.0024787521766663585, 0.006737946999085467, 0.01831563888873418, 0.1353352832366127, 0.01831563888873418, 0.36787944117144233, 0.36787944117144233, 0.049787068367863944, 0.006737946999085467, 0.1353352832366127, 0.01831563888873418, 0.006737946999085467, 0.36787944117144233, 0.049787068367863944, 0.0024787521766663585] <<



Generation: 37;
Male: Delta - 0.0000;
      Best >> FitnessFunction: 28.0, Gender: M, 
DNA_1: [0, 0, 1, 1, 1, 0, 1, 1, 0, 1, 0, 1, 1, 1, 1, 1, 1, 1, 1, 1, 1, 1, 1, 1, 1, 1, 1, 1, 1, 1, 1, 1]
DNA_2: [1, 0, 1, 0, 0, 1, 1, 1, 0, 1, 0, 1, 1, 1, 1, 1, 1, 1, 1, 1, 1, 1, 1, 1, 1, 1, 1, 1, 1, 1, 0, 1]
Dominance:
Random mapping with probability: 0.5
Phenotype: [0, 0, 1, 1, 1, 1, 1, 1, 0, 1, 0, 1, 1, 1, 1, 1, 1, 1, 1, 1, 1, 1, 1, 1, 1, 1, 1, 1, 1, 1, 0, 1], Recombination probability: [0.049787068367863944, 0.1353352832366127, 0.0024787521766663585, 0.36787944117144233, 0.0024787521766663585, 0.0024787521766663585, 0.36787944117144233, 0.049787068367863944, 0.01831563888873418, 0.049787068367863944, 0.049787068367863944, 0.36787944117144233, 0.01831563888873418, 0.36787944117144233, 0.006737946999085467, 0.006737946999085467, 0.0024787521766663585, 0.006737946999085467, 0.0024787521766663585, 0.36787944117144233, 0.006737946999085467, 0.006737946999085467, 0.006737946999085467, 0.1353352832366127, 0.01831563888873418, 0.01831563888873418, 0.0024787521766663585, 0.1353352832366127, 0.006737946999085467, 0.0024787521766663585, 0.0024787521766663585, 0.1353352832366127] <<
Female: Delta - -1.0000
      Best >> FitnessFunction: 29.0, Gender: F, 
DNA_1: [1, 1, 1, 1, 1, 1, 1, 1, 0, 1, 1, 1, 1, 1, 1, 1, 0, 1, 1, 1, 1, 1, 1, 1, 1, 0, 1, 1, 1, 1, 1, 1]
DNA_2: [1, 0, 1, 1, 0, 1, 1, 1, 1, 1, 1, 1, 1, 0, 1, 1, 1, 0, 1, 1, 1, 1, 1, 1, 1, 1, 1, 1, 0, 1, 1, 1]
Dominance:
Random mapping with probability: 0.5
Phenotype: [1, 0, 1, 1, 1, 1, 1, 1, 0, 1, 1, 1, 1, 0, 1, 1, 1, 0, 1, 1, 1, 1, 1, 1, 1, 1, 1, 1, 0, 1, 1, 1], Recombination probability: [0.049787068367863944, 0.1353352832366127, 0.36787944117144233, 0.006737946999085467, 0.049787068367863944, 0.1353352832366127, 0.0024787521766663585, 0.0024787521766663585, 0.01831563888873418, 0.01831563888873418, 0.049787068367863944, 0.0024787521766663585, 0.049787068367863944, 0.049787068367863944, 0.0024787521766663585, 0.0024787521766663585, 0.049787068367863944, 0.0024787521766663585, 0.36787944117144233, 0.36787944117144233, 0.1353352832366127, 0.36787944117144233, 0.01831563888873418, 0.1353352832366127, 0.006737946999085467, 0.36787944117144233, 0.049787068367863944, 0.01831563888873418, 0.049787068367863944, 0.0024787521766663585, 0.0024787521766663585, 0.1353352832366127] <<



Generation: 38;
Male: Delta - 2.0000;
      Best >> FitnessFunction: 30.0, Gender: M, 
DNA_1: [1, 1, 1, 1, 1, 1, 1, 1, 0, 1, 1, 1, 1, 1, 1, 1, 1, 1, 1, 1, 1, 1, 1, 0, 1, 1, 1, 1, 1, 1, 1, 0]
DNA_2: [1, 0, 1, 1, 0, 1, 1, 1, 1, 1, 1, 1, 0, 0, 1, 1, 1, 0, 1, 1, 1, 1, 1, 1, 1, 1, 1, 1, 0, 1, 1, 1]
Dominance:
Random mapping with probability: 0.5
Phenotype: [1, 0, 1, 1, 0, 1, 1, 1, 1, 1, 1, 1, 1, 0, 1, 1, 1, 0, 1, 1, 1, 1, 1, 0, 1, 1, 1, 1, 0, 1, 1, 1], Recombination probability: [0.049787068367863944, 0.1353352832366127, 0.0024787521766663585, 0.36787944117144233, 0.0024787521766663585, 0.0024787521766663585, 0.36787944117144233, 0.049787068367863944, 0.01831563888873418, 0.049787068367863944, 0.049787068367863944, 0.36787944117144233, 0.01831563888873418, 0.36787944117144233, 0.006737946999085467, 0.006737946999085467, 0.0024787521766663585, 0.006737946999085467, 0.0024787521766663585, 0.36787944117144233, 0.006737946999085467, 0.006737946999085467, 0.006737946999085467, 0.1353352832366127, 0.01831563888873418, 0.01831563888873418, 0.0024787521766663585, 0.1353352832366127, 0.006737946999085467, 0.0024787521766663585, 0.0024787521766663585, 0.1353352832366127] <<
Female: Delta - 3.0000
      Best >> FitnessFunction: 32.0, Gender: F, 
DNA_1: [1, 1, 1, 1, 0, 1, 0, 1, 1, 1, 1, 1, 1, 1, 1, 1, 0, 1, 1, 1, 1, 1, 1, 1, 1, 0, 0, 1, 1, 1, 1, 1]
DNA_2: [1, 1, 1, 1, 1, 1, 1, 1, 1, 1, 1, 1, 0, 1, 1, 1, 1, 1, 1, 1, 1, 1, 1, 1, 0, 1, 1, 1, 1, 1, 1, 0]
Dominance:
Random mapping with probability: 0.5
Phenotype: [1, 1, 1, 1, 0, 1, 1, 1, 1, 1, 1, 1, 1, 1, 1, 1, 1, 1, 1, 1, 1, 1, 1, 1, 1, 1, 0, 1, 1, 1, 1, 0], Recombination probability: [0.01831563888873418, 0.006737946999085467, 0.36787944117144233, 0.36787944117144233, 0.1353352832366127, 0.006737946999085467, 0.36787944117144233, 0.0024787521766663585, 0.006737946999085467, 0.36787944117144233, 0.006737946999085467, 0.01831563888873418, 0.0024787521766663585, 0.1353352832366127, 0.1353352832366127, 0.006737946999085467, 0.006737946999085467, 0.0024787521766663585, 0.006737946999085467, 0.01831563888873418, 0.1353352832366127, 0.01831563888873418, 0.36787944117144233, 0.36787944117144233, 0.049787068367863944, 0.006737946999085467, 0.1353352832366127, 0.01831563888873418, 0.006737946999085467, 0.36787944117144233, 0.049787068367863944, 0.0024787521766663585] <<



